<?xml version="1.0" encoding="UTF-8"?>
<testsuites name="SauceDemo" time="150.482" tests="11" failures="0" errors="0">
   <testsuite name="SauceDemo" tests="11" failures="0" errors="0" time="150.482" skipped="0" timestamp="25-05-2024T21:01:16" hostname="EC682SV - IN3514483W1.ey.net" id="Test Suites/SauceDemo">
      <properties>
         <property name="deviceName" value=""/>
         <property name="devicePlatform" value=""/>
         <property name="logFolder" value="C:\\Users\\EC682SV\\git\\KatalonTraining\\Reports\\20240525_210104\\SauceDemo\\20240525_210104"/>
         <property name="logFiles" value="C:\\Users\\EC682SV\\git\\KatalonTraining\\Reports\\20240525_210104\\SauceDemo\\20240525_210104\\execution0.log"/>
         <property name="attachments" value=""/>
         <property name="hostName" value="EC682SV - IN3514483W1.ey.net"/>
         <property name="os" value="Windows 10 64bit"/>
         <property name="katalonVersion" value="9.4.0.212"/>
         <property name="browser" value="Chrome 125.0.0.0"/>
         <property name="hostAddress" value="192.168.1.3"/>
         <property name="sessionId" value="dee993ffec13f631e55d7cf2c9e37bcc"/>
         <property name="seleniumVersion" value="3.141.59"/>
         <property name="proxyInformation" value="ProxyInformation { proxyOption=NO_PROXY, proxyServerType=HTTP, username=, password=********, proxyServerAddress=, proxyServerPort=0, executionList=&quot;&quot;, isApplyToDesiredCapabilities=true }"/>
         <property name="platform" value="Windows 10"/>
      </properties>
      <testcase name="Test Cases/verifyLoginBtn" time="14.166" classname="Test Cases/verifyLoginBtn" status="PASSED">
         <system-out><![CDATA[25-05-2024T21:01:17 - [TEST_CASE][PASSED] - Test Cases/verifyLoginBtn: Test Cases/verifyLoginBtn

25-05-2024T21:01:17 - [TEST_STEP][PASSED] - openBrowser(""): Browser is opened with url: ''

25-05-2024T21:01:18 - [MESSAGE][INFO] - Starting 'Chrome' driver

25-05-2024T21:01:18 - [MESSAGE][INFO] - Action delay is set to 0 milliseconds

25-05-2024T21:01:29 - [MESSAGE][PASSED] - Browser is opened with url: ''

25-05-2024T21:01:29 - [TEST_STEP][PASSED] - navigateToUrl("https://www.saucedemo.com/v1/"): Navigate to 'https://www.saucedemo.com/v1/' successfully

25-05-2024T21:01:29 - [MESSAGE][PASSED] - Navigate to 'https://www.saucedemo.com/v1/' successfully

25-05-2024T21:01:29 - [TEST_STEP][PASSED] - verifyElementPresent(findTestObject("Object Repository/Page_Swag Labs/input_standard_userlocked_out_userproblem_u_0dff71"), 0): Object 'Object Repository/Page_Swag Labs/input_standard_userlocked_out_userproblem_u_0dff71' is present

25-05-2024T21:01:30 - [MESSAGE][WARNING] - Timeout '0' is invalid. Using default page load timeout: '30'

25-05-2024T21:01:30 - [MESSAGE][PASSED] - Object 'Object Repository/Page_Swag Labs/input_standard_userlocked_out_userproblem_u_0dff71' is present

25-05-2024T21:01:30 - [TEST_STEP][PASSED] - closeBrowser(): Browser is closed

25-05-2024T21:01:31 - [MESSAGE][PASSED] - Browser is closed]]></system-out>
         <system-err><![CDATA[]]></system-err>
      </testcase>
      <testcase name="Test Cases/verifyTitle" time="12.401" classname="Test Cases/verifyTitle" status="PASSED">
         <system-out><![CDATA[25-05-2024T21:01:31 - [TEST_CASE][PASSED] - Test Cases/verifyTitle: Test Cases/verifyTitle

25-05-2024T21:01:31 - [TEST_STEP][PASSED] - openBrowser(""): Browser is opened with url: ''

25-05-2024T21:01:31 - [MESSAGE][INFO] - Starting 'Chrome' driver

25-05-2024T21:01:31 - [MESSAGE][INFO] - Action delay is set to 0 milliseconds

25-05-2024T21:01:41 - [MESSAGE][PASSED] - Browser is opened with url: ''

25-05-2024T21:01:41 - [TEST_STEP][PASSED] - navigateToUrl("http://www.saucedemo.com/v1/"): Navigate to 'http://www.saucedemo.com/v1/' successfully

25-05-2024T21:01:42 - [MESSAGE][PASSED] - Navigate to 'http://www.saucedemo.com/v1/' successfully

25-05-2024T21:01:42 - [TEST_STEP][PASSED] - title = getWindowTitle(): Current window's title is: 'Swag Labs'

25-05-2024T21:01:42 - [MESSAGE][PASSED] - Current window's title is: 'Swag Labs'

25-05-2024T21:01:42 - [TEST_STEP][PASSED] - verifyEqual(title, "Swag Labs"): Actual object 'Swag Labs' and expected object 'Swag Labs' are equal

25-05-2024T21:01:42 - [MESSAGE][PASSED] - Actual object 'Swag Labs' and expected object 'Swag Labs' are equal

25-05-2024T21:01:42 - [TEST_STEP][PASSED] - closeBrowser(): Browser is closed

25-05-2024T21:01:43 - [MESSAGE][PASSED] - Browser is closed]]></system-out>
         <system-err><![CDATA[]]></system-err>
      </testcase>
      <testcase name="Test Cases/verifyURL" time="6.967" classname="Test Cases/verifyURL" status="PASSED">
         <system-out><![CDATA[25-05-2024T21:01:43 - [TEST_CASE][PASSED] - Test Cases/verifyURL: Test Cases/verifyURL

25-05-2024T21:01:43 - [TEST_STEP][PASSED] - openBrowser(""): Browser is opened with url: ''

25-05-2024T21:01:43 - [MESSAGE][INFO] - Starting 'Chrome' driver

25-05-2024T21:01:44 - [MESSAGE][INFO] - Action delay is set to 0 milliseconds

25-05-2024T21:01:49 - [MESSAGE][PASSED] - Browser is opened with url: ''

25-05-2024T21:01:49 - [TEST_STEP][PASSED] - navigateToUrl("http://www.saucedemo.com/v1/"): Navigate to 'http://www.saucedemo.com/v1/' successfully

25-05-2024T21:01:50 - [MESSAGE][PASSED] - Navigate to 'http://www.saucedemo.com/v1/' successfully

25-05-2024T21:01:50 - [TEST_STEP][PASSED] - url = getUrl(): Current window's url is: 'https://www.saucedemo.com/v1/'

25-05-2024T21:01:50 - [MESSAGE][PASSED] - Current window's url is: 'https://www.saucedemo.com/v1/'

25-05-2024T21:01:50 - [TEST_STEP][PASSED] - verifyEqual(url, "https://www.saucedemo.com/v1/"): Actual object 'https://www.saucedemo.com/v1/' and expected object 'https://www.saucedemo.com/v1/' are equal

25-05-2024T21:01:50 - [MESSAGE][PASSED] - Actual object 'https://www.saucedemo.com/v1/' and expected object 'https://www.saucedemo.com/v1/' are equal

25-05-2024T21:01:50 - [TEST_STEP][PASSED] - closeBrowser(): Browser is closed

25-05-2024T21:01:50 - [MESSAGE][PASSED] - Browser is closed]]></system-out>
         <system-err><![CDATA[]]></system-err>
      </testcase>
      <testcase name="Test Cases/verifyUsername" time="63.469" classname="Test Cases/verifyUsername" status="PASSED">
         <system-out><![CDATA[25-05-2024T21:01:50 - [TEST_CASE][PASSED] - Test Cases/verifyUsername: Test Cases/verifyUsername

25-05-2024T21:01:50 - [TEST_STEP][PASSED] - openBrowser(""): Browser is opened with url: ''

25-05-2024T21:01:50 - [MESSAGE][INFO] - Starting 'Chrome' driver

25-05-2024T21:01:50 - [MESSAGE][INFO] - Action delay is set to 0 milliseconds

25-05-2024T21:02:53 - [MESSAGE][PASSED] - Browser is opened with url: ''

25-05-2024T21:02:53 - [TEST_STEP][PASSED] - navigateToUrl("https://www.saucedemo.com/v1/"): Navigate to 'https://www.saucedemo.com/v1/' successfully

25-05-2024T21:02:53 - [MESSAGE][PASSED] - Navigate to 'https://www.saucedemo.com/v1/' successfully

25-05-2024T21:02:53 - [TEST_STEP][PASSED] - verifyElementPresent(findTestObject("Object Repository/Page_Swag Labs/div_Accepted usernames are                s_40dcc1"), 0): Object 'Object Repository/Page_Swag Labs/div_Accepted usernames are                s_40dcc1' is present

25-05-2024T21:02:53 - [MESSAGE][WARNING] - Timeout '0' is invalid. Using default page load timeout: '30'

25-05-2024T21:02:53 - [MESSAGE][PASSED] - Object 'Object Repository/Page_Swag Labs/div_Accepted usernames are                s_40dcc1' is present

25-05-2024T21:02:53 - [TEST_STEP][PASSED] - closeBrowser(): Browser is closed

25-05-2024T21:02:54 - [MESSAGE][PASSED] - Browser is closed]]></system-out>
         <system-err><![CDATA[]]></system-err>
      </testcase>
      <testcase name="Test Cases/verifyPassword" time="7.452" classname="Test Cases/verifyPassword" status="PASSED">
         <system-out><![CDATA[25-05-2024T21:02:54 - [TEST_CASE][PASSED] - Test Cases/verifyPassword: Test Cases/verifyPassword

25-05-2024T21:02:54 - [TEST_STEP][PASSED] - openBrowser(""): Browser is opened with url: ''

25-05-2024T21:02:54 - [MESSAGE][INFO] - Starting 'Chrome' driver

25-05-2024T21:02:54 - [MESSAGE][INFO] - Action delay is set to 0 milliseconds

25-05-2024T21:03:00 - [MESSAGE][PASSED] - Browser is opened with url: ''

25-05-2024T21:03:00 - [TEST_STEP][PASSED] - navigateToUrl("https://www.saucedemo.com/v1/"): Navigate to 'https://www.saucedemo.com/v1/' successfully

25-05-2024T21:03:01 - [MESSAGE][PASSED] - Navigate to 'https://www.saucedemo.com/v1/' successfully

25-05-2024T21:03:01 - [TEST_STEP][PASSED] - verifyElementPresent(findTestObject("Object Repository/Page_Swag Labs/div_Password for all users                s_477655"), 0): Object 'Object Repository/Page_Swag Labs/div_Password for all users                s_477655' is present

25-05-2024T21:03:01 - [MESSAGE][WARNING] - Timeout '0' is invalid. Using default page load timeout: '30'

25-05-2024T21:03:01 - [MESSAGE][PASSED] - Object 'Object Repository/Page_Swag Labs/div_Password for all users                s_477655' is present

25-05-2024T21:03:01 - [TEST_STEP][PASSED] - closeBrowser(): Browser is closed

25-05-2024T21:03:01 - [MESSAGE][PASSED] - Browser is closed]]></system-out>
         <system-err><![CDATA[]]></system-err>
      </testcase>
      <testcase name="Test Cases/VerifyLogin" time="8.086" classname="Test Cases/VerifyLogin" status="PASSED">
         <system-out><![CDATA[25-05-2024T21:03:01 - [TEST_CASE][PASSED] - Test Cases/VerifyLogin: Test Cases/VerifyLogin

25-05-2024T21:03:01 - [TEST_STEP][PASSED] - openBrowser(""): Browser is opened with url: ''

25-05-2024T21:03:01 - [MESSAGE][INFO] - Starting 'Chrome' driver

25-05-2024T21:03:01 - [MESSAGE][INFO] - Action delay is set to 0 milliseconds

25-05-2024T21:03:07 - [MESSAGE][PASSED] - Browser is opened with url: ''

25-05-2024T21:03:07 - [TEST_STEP][PASSED] - navigateToUrl("https://www.saucedemo.com/v1/"): Navigate to 'https://www.saucedemo.com/v1/' successfully

25-05-2024T21:03:07 - [MESSAGE][PASSED] - Navigate to 'https://www.saucedemo.com/v1/' successfully

25-05-2024T21:03:07 - [TEST_STEP][PASSED] - setText(findTestObject("Object Repository/Page_Swag Labs/input_standard_userlocked_out_userproblem_u_db77ac"), "standard_user"): Text 'standard_user' is set on object 'Object Repository/Page_Swag Labs/input_standard_userlocked_out_userproblem_u_db77ac'

25-05-2024T21:03:08 - [MESSAGE][PASSED] - Text 'standard_user' is set on object 'Object Repository/Page_Swag Labs/input_standard_userlocked_out_userproblem_u_db77ac'

25-05-2024T21:03:08 - [TEST_STEP][PASSED] - setEncryptedText(findTestObject("Object Repository/Page_Swag Labs/input_standard_userlocked_out_userproblem_u_3423e9"), "qcu24s4901FyWDTwXGr6XA=="): Text ****** has been set on object 'Object Repository/Page_Swag Labs/input_standard_userlocked_out_userproblem_u_3423e9'

25-05-2024T21:03:08 - [MESSAGE][PASSED] - Text ****** has been set on object 'Object Repository/Page_Swag Labs/input_standard_userlocked_out_userproblem_u_3423e9'

25-05-2024T21:03:08 - [TEST_STEP][PASSED] - click(findTestObject("Object Repository/Page_Swag Labs/input_standard_userlocked_out_userproblem_u_0dff71")): Object: 'Object Repository/Page_Swag Labs/input_standard_userlocked_out_userproblem_u_0dff71' is clicked on

25-05-2024T21:03:09 - [MESSAGE][PASSED] - Object: 'Object Repository/Page_Swag Labs/input_standard_userlocked_out_userproblem_u_0dff71' is clicked on

25-05-2024T21:03:09 - [TEST_STEP][PASSED] - verifyElementText(findTestObject("Object Repository/Page_Swag Labs/div_Products"), "Products"): Actual text and expected text of test object 'Object Repository/Page_Swag Labs/div_Products' are matched.

25-05-2024T21:03:09 - [MESSAGE][PASSED] - Actual text and expected text of test object 'Object Repository/Page_Swag Labs/div_Products' are matched.

25-05-2024T21:03:09 - [TEST_STEP][PASSED] - closeBrowser(): Browser is closed

25-05-2024T21:03:09 - [MESSAGE][PASSED] - Browser is closed]]></system-out>
         <system-err><![CDATA[]]></system-err>
      </testcase>
      <testcase name="Test Cases/VerifyInvalidLogin" time="7.912" classname="Test Cases/VerifyInvalidLogin" status="PASSED">
         <system-out><![CDATA[25-05-2024T21:03:09 - [TEST_CASE][PASSED] - Test Cases/VerifyInvalidLogin: Test Cases/VerifyInvalidLogin

25-05-2024T21:03:09 - [TEST_STEP][PASSED] - openBrowser(""): Browser is opened with url: ''

25-05-2024T21:03:09 - [MESSAGE][INFO] - Starting 'Chrome' driver

25-05-2024T21:03:09 - [MESSAGE][INFO] - Action delay is set to 0 milliseconds

25-05-2024T21:03:15 - [MESSAGE][PASSED] - Browser is opened with url: ''

25-05-2024T21:03:15 - [TEST_STEP][PASSED] - navigateToUrl("https://www.saucedemo.com/v1/"): Navigate to 'https://www.saucedemo.com/v1/' successfully

25-05-2024T21:03:16 - [MESSAGE][PASSED] - Navigate to 'https://www.saucedemo.com/v1/' successfully

25-05-2024T21:03:16 - [TEST_STEP][PASSED] - setText(findTestObject("Object Repository/Page_Swag Labs/input_standard_userlocked_out_userproblem_u_db77ac"), "standard_user"): Text 'standard_user' is set on object 'Object Repository/Page_Swag Labs/input_standard_userlocked_out_userproblem_u_db77ac'

25-05-2024T21:03:16 - [MESSAGE][PASSED] - Text 'standard_user' is set on object 'Object Repository/Page_Swag Labs/input_standard_userlocked_out_userproblem_u_db77ac'

25-05-2024T21:03:16 - [TEST_STEP][PASSED] - setEncryptedText(findTestObject("Object Repository/Page_Swag Labs/input_standard_userlocked_out_userproblem_u_3423e9"), "wwqXy82vnkA="): Text ****** has been set on object 'Object Repository/Page_Swag Labs/input_standard_userlocked_out_userproblem_u_3423e9'

25-05-2024T21:03:16 - [MESSAGE][PASSED] - Text ****** has been set on object 'Object Repository/Page_Swag Labs/input_standard_userlocked_out_userproblem_u_3423e9'

25-05-2024T21:03:16 - [TEST_STEP][PASSED] - click(findTestObject("Object Repository/Page_Swag Labs/input_standard_userlocked_out_userproblem_u_0dff71")): Object: 'Object Repository/Page_Swag Labs/input_standard_userlocked_out_userproblem_u_0dff71' is clicked on

25-05-2024T21:03:17 - [MESSAGE][PASSED] - Object: 'Object Repository/Page_Swag Labs/input_standard_userlocked_out_userproblem_u_0dff71' is clicked on

25-05-2024T21:03:17 - [TEST_STEP][PASSED] - verifyElementText(findTestObject("Object Repository/Page_Swag Labs/h3_Epic sadface Username and password do no_0e8909"), "Epic sadface: Username and password do not match any user in this service"): Actual text and expected text of test object 'Object Repository/Page_Swag Labs/h3_Epic sadface Username and password do no_0e8909' are matched.

25-05-2024T21:03:17 - [MESSAGE][PASSED] - Actual text and expected text of test object 'Object Repository/Page_Swag Labs/h3_Epic sadface Username and password do no_0e8909' are matched.

25-05-2024T21:03:17 - [TEST_STEP][PASSED] - closeBrowser(): Browser is closed

25-05-2024T21:03:17 - [MESSAGE][PASSED] - Browser is closed]]></system-out>
         <system-err><![CDATA[]]></system-err>
      </testcase>
      <testcase name="Test Cases/VerifyBlankPassword" time="7.21" classname="Test Cases/VerifyBlankPassword" status="PASSED">
         <system-out><![CDATA[25-05-2024T21:03:17 - [TEST_CASE][PASSED] - Test Cases/VerifyBlankPassword: Test Cases/VerifyBlankPassword

25-05-2024T21:03:17 - [TEST_STEP][PASSED] - openBrowser(""): Browser is opened with url: ''

25-05-2024T21:03:17 - [MESSAGE][INFO] - Starting 'Chrome' driver

25-05-2024T21:03:17 - [MESSAGE][INFO] - Action delay is set to 0 milliseconds

25-05-2024T21:03:23 - [MESSAGE][PASSED] - Browser is opened with url: ''

25-05-2024T21:03:23 - [TEST_STEP][PASSED] - navigateToUrl("https://www.saucedemo.com/v1/"): Navigate to 'https://www.saucedemo.com/v1/' successfully

25-05-2024T21:03:23 - [MESSAGE][PASSED] - Navigate to 'https://www.saucedemo.com/v1/' successfully

25-05-2024T21:03:23 - [TEST_STEP][PASSED] - setText(findTestObject("Object Repository/Page_Swag Labs/input_standard_userlocked_out_userproblem_u_db77ac"), "standard_user"): Text 'standard_user' is set on object 'Object Repository/Page_Swag Labs/input_standard_userlocked_out_userproblem_u_db77ac'

25-05-2024T21:03:24 - [MESSAGE][PASSED] - Text 'standard_user' is set on object 'Object Repository/Page_Swag Labs/input_standard_userlocked_out_userproblem_u_db77ac'

25-05-2024T21:03:24 - [TEST_STEP][PASSED] - click(findTestObject("Object Repository/Page_Swag Labs/input_standard_userlocked_out_userproblem_u_0dff71")): Object: 'Object Repository/Page_Swag Labs/input_standard_userlocked_out_userproblem_u_0dff71' is clicked on

25-05-2024T21:03:24 - [MESSAGE][PASSED] - Object: 'Object Repository/Page_Swag Labs/input_standard_userlocked_out_userproblem_u_0dff71' is clicked on

25-05-2024T21:03:24 - [TEST_STEP][PASSED] - verifyElementText(findTestObject("Object Repository/Page_Swag Labs/h3_Epic sadface Password is required"), "Epic sadface: Password is required"): Actual text and expected text of test object 'Object Repository/Page_Swag Labs/h3_Epic sadface Password is required' are matched.

25-05-2024T21:03:24 - [MESSAGE][PASSED] - Actual text and expected text of test object 'Object Repository/Page_Swag Labs/h3_Epic sadface Password is required' are matched.

25-05-2024T21:03:24 - [TEST_STEP][PASSED] - closeBrowser(): Browser is closed

25-05-2024T21:03:24 - [MESSAGE][PASSED] - Browser is closed]]></system-out>
         <system-err><![CDATA[]]></system-err>
      </testcase>
      <testcase name="Test Cases/verifyBlankUsernamePassword" time="7.189" classname="Test Cases/verifyBlankUsernamePassword" status="PASSED">
         <system-out><![CDATA[25-05-2024T21:03:24 - [TEST_CASE][PASSED] - Test Cases/verifyBlankUsernamePassword: Test Cases/verifyBlankUsernamePassword

25-05-2024T21:03:24 - [TEST_STEP][PASSED] - openBrowser(""): Browser is opened with url: ''

25-05-2024T21:03:24 - [MESSAGE][INFO] - Starting 'Chrome' driver

25-05-2024T21:03:25 - [MESSAGE][INFO] - Action delay is set to 0 milliseconds

25-05-2024T21:03:30 - [MESSAGE][PASSED] - Browser is opened with url: ''

25-05-2024T21:03:30 - [TEST_STEP][PASSED] - navigateToUrl("https://www.saucedemo.com/v1/"): Navigate to 'https://www.saucedemo.com/v1/' successfully

25-05-2024T21:03:31 - [MESSAGE][PASSED] - Navigate to 'https://www.saucedemo.com/v1/' successfully

25-05-2024T21:03:31 - [TEST_STEP][PASSED] - click(findTestObject("Object Repository/Page_Swag Labs/input_standard_userlocked_out_userproblem_u_0dff71")): Object: 'Object Repository/Page_Swag Labs/input_standard_userlocked_out_userproblem_u_0dff71' is clicked on

25-05-2024T21:03:31 - [MESSAGE][PASSED] - Object: 'Object Repository/Page_Swag Labs/input_standard_userlocked_out_userproblem_u_0dff71' is clicked on

25-05-2024T21:03:31 - [TEST_STEP][PASSED] - verifyElementText(findTestObject("Object Repository/Page_Swag Labs/h3_Epic sadface Username is required"), "Epic sadface: Username is required"): Actual text and expected text of test object 'Object Repository/Page_Swag Labs/h3_Epic sadface Username is required' are matched.

25-05-2024T21:03:31 - [MESSAGE][PASSED] - Actual text and expected text of test object 'Object Repository/Page_Swag Labs/h3_Epic sadface Username is required' are matched.

25-05-2024T21:03:31 - [TEST_STEP][PASSED] - closeBrowser(): Browser is closed

25-05-2024T21:03:32 - [MESSAGE][PASSED] - Browser is closed]]></system-out>
         <system-err><![CDATA[]]></system-err>
      </testcase>
      <testcase name="Test Cases/verifyTwitterLink" time="7.821" classname="Test Cases/verifyTwitterLink" status="PASSED">
         <system-out><![CDATA[25-05-2024T21:03:32 - [TEST_CASE][PASSED] - Test Cases/verifyTwitterLink: Test Cases/verifyTwitterLink

25-05-2024T21:03:32 - [TEST_STEP][PASSED] - openBrowser(""): Browser is opened with url: ''

25-05-2024T21:03:32 - [MESSAGE][INFO] - Starting 'Chrome' driver

25-05-2024T21:03:32 - [MESSAGE][INFO] - Action delay is set to 0 milliseconds

25-05-2024T21:03:37 - [MESSAGE][PASSED] - Browser is opened with url: ''

25-05-2024T21:03:37 - [TEST_STEP][PASSED] - navigateToUrl("https://www.saucedemo.com/v1/"): Navigate to 'https://www.saucedemo.com/v1/' successfully

25-05-2024T21:03:38 - [MESSAGE][PASSED] - Navigate to 'https://www.saucedemo.com/v1/' successfully

25-05-2024T21:03:38 - [TEST_STEP][PASSED] - setText(findTestObject("Object Repository/Page_Swag Labs/input_standard_userlocked_out_userproblem_u_db77ac"), "problem_user"): Text 'problem_user' is set on object 'Object Repository/Page_Swag Labs/input_standard_userlocked_out_userproblem_u_db77ac'

25-05-2024T21:03:38 - [MESSAGE][PASSED] - Text 'problem_user' is set on object 'Object Repository/Page_Swag Labs/input_standard_userlocked_out_userproblem_u_db77ac'

25-05-2024T21:03:38 - [TEST_STEP][PASSED] - setEncryptedText(findTestObject("Object Repository/Page_Swag Labs/input_standard_userlocked_out_userproblem_u_3423e9"), "qcu24s4901FyWDTwXGr6XA=="): Text ****** has been set on object 'Object Repository/Page_Swag Labs/input_standard_userlocked_out_userproblem_u_3423e9'

25-05-2024T21:03:38 - [MESSAGE][PASSED] - Text ****** has been set on object 'Object Repository/Page_Swag Labs/input_standard_userlocked_out_userproblem_u_3423e9'

25-05-2024T21:03:38 - [TEST_STEP][PASSED] - click(findTestObject("Object Repository/Page_Swag Labs/input_standard_userlocked_out_userproblem_u_0dff71")): Object: 'Object Repository/Page_Swag Labs/input_standard_userlocked_out_userproblem_u_0dff71' is clicked on

25-05-2024T21:03:39 - [MESSAGE][PASSED] - Object: 'Object Repository/Page_Swag Labs/input_standard_userlocked_out_userproblem_u_0dff71' is clicked on

25-05-2024T21:03:39 - [TEST_STEP][PASSED] - verifyElementPresent(findTestObject("Object Repository/Page_Swag Labs/li_Twitter"), 0): Object 'Object Repository/Page_Swag Labs/li_Twitter' is present

25-05-2024T21:03:39 - [MESSAGE][WARNING] - Timeout '0' is invalid. Using default page load timeout: '30'

25-05-2024T21:03:39 - [MESSAGE][PASSED] - Object 'Object Repository/Page_Swag Labs/li_Twitter' is present

25-05-2024T21:03:39 - [TEST_STEP][PASSED] - closeBrowser(): Browser is closed

25-05-2024T21:03:39 - [MESSAGE][PASSED] - Browser is closed]]></system-out>
         <system-err><![CDATA[]]></system-err>
      </testcase>
      <testcase name="Test Cases/verifyFacebookLink" time="7.375" classname="Test Cases/verifyFacebookLink" status="PASSED">
         <system-out><![CDATA[25-05-2024T21:03:39 - [TEST_CASE][PASSED] - Test Cases/verifyFacebookLink: Test Cases/verifyFacebookLink

25-05-2024T21:03:39 - [TEST_STEP][PASSED] - openBrowser(""): Browser is opened with url: ''

25-05-2024T21:03:39 - [MESSAGE][INFO] - Starting 'Chrome' driver

25-05-2024T21:03:40 - [MESSAGE][INFO] - Action delay is set to 0 milliseconds

25-05-2024T21:03:45 - [MESSAGE][PASSED] - Browser is opened with url: ''

25-05-2024T21:03:45 - [TEST_STEP][PASSED] - navigateToUrl("https://www.saucedemo.com/v1/"): Navigate to 'https://www.saucedemo.com/v1/' successfully

25-05-2024T21:03:46 - [MESSAGE][PASSED] - Navigate to 'https://www.saucedemo.com/v1/' successfully

25-05-2024T21:03:46 - [TEST_STEP][PASSED] - setText(findTestObject("Object Repository/Page_Swag Labs/input_standard_userlocked_out_userproblem_u_db77ac"), "problem_user"): Text 'problem_user' is set on object 'Object Repository/Page_Swag Labs/input_standard_userlocked_out_userproblem_u_db77ac'

25-05-2024T21:03:46 - [MESSAGE][PASSED] - Text 'problem_user' is set on object 'Object Repository/Page_Swag Labs/input_standard_userlocked_out_userproblem_u_db77ac'

25-05-2024T21:03:46 - [TEST_STEP][PASSED] - setEncryptedText(findTestObject("Object Repository/Page_Swag Labs/input_standard_userlocked_out_userproblem_u_3423e9"), "qcu24s4901FyWDTwXGr6XA=="): Text ****** has been set on object 'Object Repository/Page_Swag Labs/input_standard_userlocked_out_userproblem_u_3423e9'

25-05-2024T21:03:46 - [MESSAGE][PASSED] - Text ****** has been set on object 'Object Repository/Page_Swag Labs/input_standard_userlocked_out_userproblem_u_3423e9'

25-05-2024T21:03:46 - [TEST_STEP][PASSED] - click(findTestObject("Object Repository/Page_Swag Labs/input_standard_userlocked_out_userproblem_u_0dff71")): Object: 'Object Repository/Page_Swag Labs/input_standard_userlocked_out_userproblem_u_0dff71' is clicked on

25-05-2024T21:03:46 - [MESSAGE][PASSED] - Object: 'Object Repository/Page_Swag Labs/input_standard_userlocked_out_userproblem_u_0dff71' is clicked on

25-05-2024T21:03:46 - [TEST_STEP][PASSED] - verifyElementPresent(findTestObject("Object Repository/Page_Swag Labs/li_Facebook"), 0): Object 'Object Repository/Page_Swag Labs/li_Facebook' is present

25-05-2024T21:03:46 - [MESSAGE][WARNING] - Timeout '0' is invalid. Using default page load timeout: '30'

25-05-2024T21:03:46 - [MESSAGE][PASSED] - Object 'Object Repository/Page_Swag Labs/li_Facebook' is present

25-05-2024T21:03:46 - [TEST_STEP][PASSED] - closeBrowser(): Browser is closed

25-05-2024T21:03:47 - [MESSAGE][PASSED] - Browser is closed]]></system-out>
         <system-err><![CDATA[]]></system-err>
      </testcase>
      <system-out><![CDATA[25-05-2024T21:01:16 - [TEST_SUITE][PASSED] - SauceDemo: Test Cases/verifyFacebookLink]]></system-out>
      <system-err><![CDATA[]]></system-err>
   </testsuite>
</testsuites>
