<?xml version="1.0" encoding="UTF-8"?>
<testsuites name="SauceDemo" time="199.158" tests="11" failures="0" errors="0">
   <testsuite name="SauceDemo" tests="11" failures="0" errors="0" time="199.158" skipped="0" timestamp="25-05-2024T20:57:14" hostname="EC682SV - IN3514483W1.ey.net" id="Test Suites/SauceDemo">
      <properties>
         <property name="deviceName" value=""/>
         <property name="devicePlatform" value=""/>
         <property name="logFolder" value="C:\\Users\\EC682SV\\git\\KatalonTraining\\Reports\\20240525_205657\\SauceDemo\\20240525_205657"/>
         <property name="logFiles" value="C:\\Users\\EC682SV\\git\\KatalonTraining\\Reports\\20240525_205657\\SauceDemo\\20240525_205657\\execution0.log"/>
         <property name="attachments" value=""/>
         <property name="hostName" value="EC682SV - IN3514483W1.ey.net"/>
         <property name="os" value="Windows 10 64bit"/>
         <property name="katalonVersion" value="9.4.0.212"/>
         <property name="browser" value="Edge Chromium 125"/>
         <property name="hostAddress" value="192.168.1.3"/>
         <property name="sessionId" value="41b0facdcd6f436ff800fe719dec2051"/>
         <property name="seleniumVersion" value="3.141.59"/>
         <property name="proxyInformation" value="ProxyInformation { proxyOption=NO_PROXY, proxyServerType=HTTP, username=, password=********, proxyServerAddress=, proxyServerPort=0, executionList=&quot;&quot;, isApplyToDesiredCapabilities=true }"/>
         <property name="platform" value="Windows 10"/>
      </properties>
      <testcase name="Test Cases/verifyLoginBtn" time="17.68" classname="Test Cases/verifyLoginBtn" status="PASSED">
         <system-out><![CDATA[25-05-2024T20:57:14 - [TEST_CASE][PASSED] - Test Cases/verifyLoginBtn: Test Cases/verifyLoginBtn

25-05-2024T20:57:15 - [TEST_STEP][PASSED] - openBrowser(""): Browser is opened with url: ''

25-05-2024T20:57:16 - [MESSAGE][INFO] - Starting 'Edge Chromium' driver

25-05-2024T20:57:20 - [MESSAGE][INFO] - Action delay is set to 0 milliseconds

25-05-2024T20:57:25 - [MESSAGE][PASSED] - Browser is opened with url: ''

25-05-2024T20:57:25 - [TEST_STEP][PASSED] - navigateToUrl("https://www.saucedemo.com/v1/"): Navigate to 'https://www.saucedemo.com/v1/' successfully

25-05-2024T20:57:30 - [MESSAGE][PASSED] - Navigate to 'https://www.saucedemo.com/v1/' successfully

25-05-2024T20:57:30 - [TEST_STEP][PASSED] - verifyElementPresent(findTestObject("Object Repository/Page_Swag Labs/input_standard_userlocked_out_userproblem_u_0dff71"), 0): Object 'Object Repository/Page_Swag Labs/input_standard_userlocked_out_userproblem_u_0dff71' is present

25-05-2024T20:57:31 - [MESSAGE][WARNING] - Timeout '0' is invalid. Using default page load timeout: '30'

25-05-2024T20:57:31 - [MESSAGE][PASSED] - Object 'Object Repository/Page_Swag Labs/input_standard_userlocked_out_userproblem_u_0dff71' is present

25-05-2024T20:57:31 - [TEST_STEP][PASSED] - closeBrowser(): Browser is closed

25-05-2024T20:57:32 - [MESSAGE][PASSED] - Browser is closed]]></system-out>
         <system-err><![CDATA[]]></system-err>
      </testcase>
      <testcase name="Test Cases/verifyTitle" time="14.538" classname="Test Cases/verifyTitle" status="PASSED">
         <system-out><![CDATA[25-05-2024T20:57:32 - [TEST_CASE][PASSED] - Test Cases/verifyTitle: Test Cases/verifyTitle

25-05-2024T20:57:32 - [TEST_STEP][PASSED] - openBrowser(""): Browser is opened with url: ''

25-05-2024T20:57:32 - [MESSAGE][INFO] - Starting 'Edge Chromium' driver

25-05-2024T20:57:36 - [MESSAGE][INFO] - Action delay is set to 0 milliseconds

25-05-2024T20:57:40 - [MESSAGE][PASSED] - Browser is opened with url: ''

25-05-2024T20:57:40 - [TEST_STEP][PASSED] - navigateToUrl("http://www.saucedemo.com/v1/"): Navigate to 'http://www.saucedemo.com/v1/' successfully

25-05-2024T20:57:45 - [MESSAGE][PASSED] - Navigate to 'http://www.saucedemo.com/v1/' successfully

25-05-2024T20:57:45 - [TEST_STEP][PASSED] - title = getWindowTitle(): Current window's title is: 'Swag Labs'

25-05-2024T20:57:45 - [MESSAGE][PASSED] - Current window's title is: 'Swag Labs'

25-05-2024T20:57:45 - [TEST_STEP][PASSED] - verifyEqual(title, "Swag Labs"): Actual object 'Swag Labs' and expected object 'Swag Labs' are equal

25-05-2024T20:57:45 - [MESSAGE][PASSED] - Actual object 'Swag Labs' and expected object 'Swag Labs' are equal

25-05-2024T20:57:45 - [TEST_STEP][PASSED] - closeBrowser(): Browser is closed

25-05-2024T20:57:46 - [MESSAGE][PASSED] - Browser is closed]]></system-out>
         <system-err><![CDATA[]]></system-err>
      </testcase>
      <testcase name="Test Cases/verifyURL" time="14.897" classname="Test Cases/verifyURL" status="PASSED">
         <system-out><![CDATA[25-05-2024T20:57:46 - [TEST_CASE][PASSED] - Test Cases/verifyURL: Test Cases/verifyURL

25-05-2024T20:57:47 - [TEST_STEP][PASSED] - openBrowser(""): Browser is opened with url: ''

25-05-2024T20:57:47 - [MESSAGE][INFO] - Starting 'Edge Chromium' driver

25-05-2024T20:57:50 - [MESSAGE][INFO] - Action delay is set to 0 milliseconds

25-05-2024T20:57:55 - [MESSAGE][PASSED] - Browser is opened with url: ''

25-05-2024T20:57:55 - [TEST_STEP][PASSED] - navigateToUrl("http://www.saucedemo.com/v1/"): Navigate to 'http://www.saucedemo.com/v1/' successfully

25-05-2024T20:58:00 - [MESSAGE][PASSED] - Navigate to 'http://www.saucedemo.com/v1/' successfully

25-05-2024T20:58:00 - [TEST_STEP][PASSED] - url = getUrl(): Current window's url is: 'https://www.saucedemo.com/v1/'

25-05-2024T20:58:00 - [MESSAGE][PASSED] - Current window's url is: 'https://www.saucedemo.com/v1/'

25-05-2024T20:58:00 - [TEST_STEP][PASSED] - verifyEqual(url, "https://www.saucedemo.com/v1/"): Actual object 'https://www.saucedemo.com/v1/' and expected object 'https://www.saucedemo.com/v1/' are equal

25-05-2024T20:58:00 - [MESSAGE][PASSED] - Actual object 'https://www.saucedemo.com/v1/' and expected object 'https://www.saucedemo.com/v1/' are equal

25-05-2024T20:58:00 - [TEST_STEP][PASSED] - closeBrowser(): Browser is closed

25-05-2024T20:58:01 - [MESSAGE][PASSED] - Browser is closed]]></system-out>
         <system-err><![CDATA[]]></system-err>
      </testcase>
      <testcase name="Test Cases/verifyUsername" time="13.564" classname="Test Cases/verifyUsername" status="PASSED">
         <system-out><![CDATA[25-05-2024T20:58:01 - [TEST_CASE][PASSED] - Test Cases/verifyUsername: Test Cases/verifyUsername

25-05-2024T20:58:02 - [TEST_STEP][PASSED] - openBrowser(""): Browser is opened with url: ''

25-05-2024T20:58:02 - [MESSAGE][INFO] - Starting 'Edge Chromium' driver

25-05-2024T20:58:05 - [MESSAGE][INFO] - Action delay is set to 0 milliseconds

25-05-2024T20:58:09 - [MESSAGE][PASSED] - Browser is opened with url: ''

25-05-2024T20:58:09 - [TEST_STEP][PASSED] - navigateToUrl("https://www.saucedemo.com/v1/"): Navigate to 'https://www.saucedemo.com/v1/' successfully

25-05-2024T20:58:14 - [MESSAGE][PASSED] - Navigate to 'https://www.saucedemo.com/v1/' successfully

25-05-2024T20:58:14 - [TEST_STEP][PASSED] - verifyElementPresent(findTestObject("Object Repository/Page_Swag Labs/div_Accepted usernames are                s_40dcc1"), 0): Object 'Object Repository/Page_Swag Labs/div_Accepted usernames are                s_40dcc1' is present

25-05-2024T20:58:14 - [MESSAGE][WARNING] - Timeout '0' is invalid. Using default page load timeout: '30'

25-05-2024T20:58:14 - [MESSAGE][PASSED] - Object 'Object Repository/Page_Swag Labs/div_Accepted usernames are                s_40dcc1' is present

25-05-2024T20:58:14 - [TEST_STEP][PASSED] - closeBrowser(): Browser is closed

25-05-2024T20:58:15 - [MESSAGE][PASSED] - Browser is closed]]></system-out>
         <system-err><![CDATA[]]></system-err>
      </testcase>
      <testcase name="Test Cases/verifyPassword" time="13.811" classname="Test Cases/verifyPassword" status="PASSED">
         <system-out><![CDATA[25-05-2024T20:58:15 - [TEST_CASE][PASSED] - Test Cases/verifyPassword: Test Cases/verifyPassword

25-05-2024T20:58:15 - [TEST_STEP][PASSED] - openBrowser(""): Browser is opened with url: ''

25-05-2024T20:58:15 - [MESSAGE][INFO] - Starting 'Edge Chromium' driver

25-05-2024T20:58:19 - [MESSAGE][INFO] - Action delay is set to 0 milliseconds

25-05-2024T20:58:23 - [MESSAGE][PASSED] - Browser is opened with url: ''

25-05-2024T20:58:23 - [TEST_STEP][PASSED] - navigateToUrl("https://www.saucedemo.com/v1/"): Navigate to 'https://www.saucedemo.com/v1/' successfully

25-05-2024T20:58:28 - [MESSAGE][PASSED] - Navigate to 'https://www.saucedemo.com/v1/' successfully

25-05-2024T20:58:28 - [TEST_STEP][PASSED] - verifyElementPresent(findTestObject("Object Repository/Page_Swag Labs/div_Password for all users                s_477655"), 0): Object 'Object Repository/Page_Swag Labs/div_Password for all users                s_477655' is present

25-05-2024T20:58:28 - [MESSAGE][WARNING] - Timeout '0' is invalid. Using default page load timeout: '30'

25-05-2024T20:58:28 - [MESSAGE][PASSED] - Object 'Object Repository/Page_Swag Labs/div_Password for all users                s_477655' is present

25-05-2024T20:58:28 - [TEST_STEP][PASSED] - closeBrowser(): Browser is closed

25-05-2024T20:58:29 - [MESSAGE][PASSED] - Browser is closed]]></system-out>
         <system-err><![CDATA[]]></system-err>
      </testcase>
      <testcase name="Test Cases/VerifyLogin" time="44.107" classname="Test Cases/VerifyLogin" status="PASSED">
         <system-out><![CDATA[25-05-2024T20:58:29 - [TEST_CASE][PASSED] - Test Cases/VerifyLogin: Test Cases/VerifyLogin

25-05-2024T20:58:29 - [TEST_STEP][PASSED] - openBrowser(""): Browser is opened with url: ''

25-05-2024T20:58:29 - [MESSAGE][INFO] - Starting 'Edge Chromium' driver

25-05-2024T20:58:32 - [MESSAGE][INFO] - Action delay is set to 0 milliseconds

25-05-2024T20:59:08 - [MESSAGE][PASSED] - Browser is opened with url: ''

25-05-2024T20:59:08 - [TEST_STEP][PASSED] - navigateToUrl("https://www.saucedemo.com/v1/"): Navigate to 'https://www.saucedemo.com/v1/' successfully

25-05-2024T20:59:08 - [MESSAGE][PASSED] - Navigate to 'https://www.saucedemo.com/v1/' successfully

25-05-2024T20:59:08 - [TEST_STEP][PASSED] - setText(findTestObject("Object Repository/Page_Swag Labs/input_standard_userlocked_out_userproblem_u_db77ac"), "standard_user"): Text 'standard_user' is set on object 'Object Repository/Page_Swag Labs/input_standard_userlocked_out_userproblem_u_db77ac'

25-05-2024T20:59:10 - [MESSAGE][PASSED] - Text 'standard_user' is set on object 'Object Repository/Page_Swag Labs/input_standard_userlocked_out_userproblem_u_db77ac'

25-05-2024T20:59:10 - [TEST_STEP][PASSED] - setEncryptedText(findTestObject("Object Repository/Page_Swag Labs/input_standard_userlocked_out_userproblem_u_3423e9"), "qcu24s4901FyWDTwXGr6XA=="): Text ****** has been set on object 'Object Repository/Page_Swag Labs/input_standard_userlocked_out_userproblem_u_3423e9'

25-05-2024T20:59:10 - [MESSAGE][PASSED] - Text ****** has been set on object 'Object Repository/Page_Swag Labs/input_standard_userlocked_out_userproblem_u_3423e9'

25-05-2024T20:59:10 - [TEST_STEP][PASSED] - click(findTestObject("Object Repository/Page_Swag Labs/input_standard_userlocked_out_userproblem_u_0dff71")): Object: 'Object Repository/Page_Swag Labs/input_standard_userlocked_out_userproblem_u_0dff71' is clicked on

25-05-2024T20:59:11 - [MESSAGE][PASSED] - Object: 'Object Repository/Page_Swag Labs/input_standard_userlocked_out_userproblem_u_0dff71' is clicked on

25-05-2024T20:59:11 - [TEST_STEP][PASSED] - verifyElementText(findTestObject("Object Repository/Page_Swag Labs/div_Products"), "Products"): Actual text and expected text of test object 'Object Repository/Page_Swag Labs/div_Products' are matched.

25-05-2024T20:59:12 - [MESSAGE][PASSED] - Actual text and expected text of test object 'Object Repository/Page_Swag Labs/div_Products' are matched.

25-05-2024T20:59:12 - [TEST_STEP][PASSED] - closeBrowser(): Browser is closed

25-05-2024T20:59:13 - [MESSAGE][PASSED] - Browser is closed]]></system-out>
         <system-err><![CDATA[]]></system-err>
      </testcase>
      <testcase name="Test Cases/VerifyInvalidLogin" time="15.25" classname="Test Cases/VerifyInvalidLogin" status="PASSED">
         <system-out><![CDATA[25-05-2024T20:59:13 - [TEST_CASE][PASSED] - Test Cases/VerifyInvalidLogin: Test Cases/VerifyInvalidLogin

25-05-2024T20:59:13 - [TEST_STEP][PASSED] - openBrowser(""): Browser is opened with url: ''

25-05-2024T20:59:13 - [MESSAGE][INFO] - Starting 'Edge Chromium' driver

25-05-2024T20:59:16 - [MESSAGE][INFO] - Action delay is set to 0 milliseconds

25-05-2024T20:59:20 - [MESSAGE][PASSED] - Browser is opened with url: ''

25-05-2024T20:59:20 - [TEST_STEP][PASSED] - navigateToUrl("https://www.saucedemo.com/v1/"): Navigate to 'https://www.saucedemo.com/v1/' successfully

25-05-2024T20:59:25 - [MESSAGE][PASSED] - Navigate to 'https://www.saucedemo.com/v1/' successfully

25-05-2024T20:59:25 - [TEST_STEP][PASSED] - setText(findTestObject("Object Repository/Page_Swag Labs/input_standard_userlocked_out_userproblem_u_db77ac"), "standard_user"): Text 'standard_user' is set on object 'Object Repository/Page_Swag Labs/input_standard_userlocked_out_userproblem_u_db77ac'

25-05-2024T20:59:26 - [MESSAGE][PASSED] - Text 'standard_user' is set on object 'Object Repository/Page_Swag Labs/input_standard_userlocked_out_userproblem_u_db77ac'

25-05-2024T20:59:26 - [TEST_STEP][PASSED] - setEncryptedText(findTestObject("Object Repository/Page_Swag Labs/input_standard_userlocked_out_userproblem_u_3423e9"), "wwqXy82vnkA="): Text ****** has been set on object 'Object Repository/Page_Swag Labs/input_standard_userlocked_out_userproblem_u_3423e9'

25-05-2024T20:59:26 - [MESSAGE][PASSED] - Text ****** has been set on object 'Object Repository/Page_Swag Labs/input_standard_userlocked_out_userproblem_u_3423e9'

25-05-2024T20:59:26 - [TEST_STEP][PASSED] - click(findTestObject("Object Repository/Page_Swag Labs/input_standard_userlocked_out_userproblem_u_0dff71")): Object: 'Object Repository/Page_Swag Labs/input_standard_userlocked_out_userproblem_u_0dff71' is clicked on

25-05-2024T20:59:27 - [MESSAGE][PASSED] - Object: 'Object Repository/Page_Swag Labs/input_standard_userlocked_out_userproblem_u_0dff71' is clicked on

25-05-2024T20:59:27 - [TEST_STEP][PASSED] - verifyElementText(findTestObject("Object Repository/Page_Swag Labs/h3_Epic sadface Username and password do no_0e8909"), "Epic sadface: Username and password do not match any user in this service"): Actual text and expected text of test object 'Object Repository/Page_Swag Labs/h3_Epic sadface Username and password do no_0e8909' are matched.

25-05-2024T20:59:27 - [MESSAGE][PASSED] - Actual text and expected text of test object 'Object Repository/Page_Swag Labs/h3_Epic sadface Username and password do no_0e8909' are matched.

25-05-2024T20:59:27 - [TEST_STEP][PASSED] - closeBrowser(): Browser is closed

25-05-2024T20:59:28 - [MESSAGE][PASSED] - Browser is closed]]></system-out>
         <system-err><![CDATA[]]></system-err>
      </testcase>
      <testcase name="Test Cases/VerifyBlankPassword" time="14.18" classname="Test Cases/VerifyBlankPassword" status="PASSED">
         <system-out><![CDATA[25-05-2024T20:59:28 - [TEST_CASE][PASSED] - Test Cases/VerifyBlankPassword: Test Cases/VerifyBlankPassword

25-05-2024T20:59:28 - [TEST_STEP][PASSED] - openBrowser(""): Browser is opened with url: ''

25-05-2024T20:59:28 - [MESSAGE][INFO] - Starting 'Edge Chromium' driver

25-05-2024T20:59:31 - [MESSAGE][INFO] - Action delay is set to 0 milliseconds

25-05-2024T20:59:35 - [MESSAGE][PASSED] - Browser is opened with url: ''

25-05-2024T20:59:35 - [TEST_STEP][PASSED] - navigateToUrl("https://www.saucedemo.com/v1/"): Navigate to 'https://www.saucedemo.com/v1/' successfully

25-05-2024T20:59:40 - [MESSAGE][PASSED] - Navigate to 'https://www.saucedemo.com/v1/' successfully

25-05-2024T20:59:40 - [TEST_STEP][PASSED] - setText(findTestObject("Object Repository/Page_Swag Labs/input_standard_userlocked_out_userproblem_u_db77ac"), "standard_user"): Text 'standard_user' is set on object 'Object Repository/Page_Swag Labs/input_standard_userlocked_out_userproblem_u_db77ac'

25-05-2024T20:59:41 - [MESSAGE][PASSED] - Text 'standard_user' is set on object 'Object Repository/Page_Swag Labs/input_standard_userlocked_out_userproblem_u_db77ac'

25-05-2024T20:59:41 - [TEST_STEP][PASSED] - click(findTestObject("Object Repository/Page_Swag Labs/input_standard_userlocked_out_userproblem_u_0dff71")): Object: 'Object Repository/Page_Swag Labs/input_standard_userlocked_out_userproblem_u_0dff71' is clicked on

25-05-2024T20:59:41 - [MESSAGE][PASSED] - Object: 'Object Repository/Page_Swag Labs/input_standard_userlocked_out_userproblem_u_0dff71' is clicked on

25-05-2024T20:59:41 - [TEST_STEP][PASSED] - verifyElementText(findTestObject("Object Repository/Page_Swag Labs/h3_Epic sadface Password is required"), "Epic sadface: Password is required"): Actual text and expected text of test object 'Object Repository/Page_Swag Labs/h3_Epic sadface Password is required' are matched.

25-05-2024T20:59:42 - [MESSAGE][PASSED] - Actual text and expected text of test object 'Object Repository/Page_Swag Labs/h3_Epic sadface Password is required' are matched.

25-05-2024T20:59:42 - [TEST_STEP][PASSED] - closeBrowser(): Browser is closed

25-05-2024T20:59:42 - [MESSAGE][PASSED] - Browser is closed]]></system-out>
         <system-err><![CDATA[]]></system-err>
      </testcase>
      <testcase name="Test Cases/verifyBlankUsernamePassword" time="14.791" classname="Test Cases/verifyBlankUsernamePassword" status="PASSED">
         <system-out><![CDATA[25-05-2024T20:59:42 - [TEST_CASE][PASSED] - Test Cases/verifyBlankUsernamePassword: Test Cases/verifyBlankUsernamePassword

25-05-2024T20:59:42 - [TEST_STEP][PASSED] - openBrowser(""): Browser is opened with url: ''

25-05-2024T20:59:42 - [MESSAGE][INFO] - Starting 'Edge Chromium' driver

25-05-2024T20:59:46 - [MESSAGE][INFO] - Action delay is set to 0 milliseconds

25-05-2024T20:59:50 - [MESSAGE][PASSED] - Browser is opened with url: ''

25-05-2024T20:59:50 - [TEST_STEP][PASSED] - navigateToUrl("https://www.saucedemo.com/v1/"): Navigate to 'https://www.saucedemo.com/v1/' successfully

25-05-2024T20:59:55 - [MESSAGE][PASSED] - Navigate to 'https://www.saucedemo.com/v1/' successfully

25-05-2024T20:59:55 - [TEST_STEP][PASSED] - click(findTestObject("Object Repository/Page_Swag Labs/input_standard_userlocked_out_userproblem_u_0dff71")): Object: 'Object Repository/Page_Swag Labs/input_standard_userlocked_out_userproblem_u_0dff71' is clicked on

25-05-2024T20:59:55 - [MESSAGE][PASSED] - Object: 'Object Repository/Page_Swag Labs/input_standard_userlocked_out_userproblem_u_0dff71' is clicked on

25-05-2024T20:59:55 - [TEST_STEP][PASSED] - verifyElementText(findTestObject("Object Repository/Page_Swag Labs/h3_Epic sadface Username is required"), "Epic sadface: Username is required"): Actual text and expected text of test object 'Object Repository/Page_Swag Labs/h3_Epic sadface Username is required' are matched.

25-05-2024T20:59:56 - [MESSAGE][PASSED] - Actual text and expected text of test object 'Object Repository/Page_Swag Labs/h3_Epic sadface Username is required' are matched.

25-05-2024T20:59:56 - [TEST_STEP][PASSED] - closeBrowser(): Browser is closed

25-05-2024T20:59:57 - [MESSAGE][PASSED] - Browser is closed]]></system-out>
         <system-err><![CDATA[]]></system-err>
      </testcase>
      <testcase name="Test Cases/verifyTwitterLink" time="18.734" classname="Test Cases/verifyTwitterLink" status="PASSED">
         <system-out><![CDATA[25-05-2024T20:59:57 - [TEST_CASE][PASSED] - Test Cases/verifyTwitterLink: Test Cases/verifyTwitterLink

25-05-2024T20:59:57 - [TEST_STEP][PASSED] - openBrowser(""): Browser is opened with url: ''

25-05-2024T20:59:57 - [MESSAGE][INFO] - Starting 'Edge Chromium' driver

25-05-2024T21:00:02 - [MESSAGE][INFO] - Action delay is set to 0 milliseconds

25-05-2024T21:00:06 - [MESSAGE][PASSED] - Browser is opened with url: ''

25-05-2024T21:00:06 - [TEST_STEP][PASSED] - navigateToUrl("https://www.saucedemo.com/v1/"): Navigate to 'https://www.saucedemo.com/v1/' successfully

25-05-2024T21:00:11 - [MESSAGE][PASSED] - Navigate to 'https://www.saucedemo.com/v1/' successfully

25-05-2024T21:00:11 - [TEST_STEP][PASSED] - setText(findTestObject("Object Repository/Page_Swag Labs/input_standard_userlocked_out_userproblem_u_db77ac"), "problem_user"): Text 'problem_user' is set on object 'Object Repository/Page_Swag Labs/input_standard_userlocked_out_userproblem_u_db77ac'

25-05-2024T21:00:12 - [MESSAGE][PASSED] - Text 'problem_user' is set on object 'Object Repository/Page_Swag Labs/input_standard_userlocked_out_userproblem_u_db77ac'

25-05-2024T21:00:12 - [TEST_STEP][PASSED] - setEncryptedText(findTestObject("Object Repository/Page_Swag Labs/input_standard_userlocked_out_userproblem_u_3423e9"), "qcu24s4901FyWDTwXGr6XA=="): Text ****** has been set on object 'Object Repository/Page_Swag Labs/input_standard_userlocked_out_userproblem_u_3423e9'

25-05-2024T21:00:13 - [MESSAGE][PASSED] - Text ****** has been set on object 'Object Repository/Page_Swag Labs/input_standard_userlocked_out_userproblem_u_3423e9'

25-05-2024T21:00:13 - [TEST_STEP][PASSED] - click(findTestObject("Object Repository/Page_Swag Labs/input_standard_userlocked_out_userproblem_u_0dff71")): Object: 'Object Repository/Page_Swag Labs/input_standard_userlocked_out_userproblem_u_0dff71' is clicked on

25-05-2024T21:00:14 - [MESSAGE][PASSED] - Object: 'Object Repository/Page_Swag Labs/input_standard_userlocked_out_userproblem_u_0dff71' is clicked on

25-05-2024T21:00:14 - [TEST_STEP][PASSED] - verifyElementPresent(findTestObject("Object Repository/Page_Swag Labs/li_Twitter"), 0): Object 'Object Repository/Page_Swag Labs/li_Twitter' is present

25-05-2024T21:00:14 - [MESSAGE][WARNING] - Timeout '0' is invalid. Using default page load timeout: '30'

25-05-2024T21:00:15 - [MESSAGE][PASSED] - Object 'Object Repository/Page_Swag Labs/li_Twitter' is present

25-05-2024T21:00:15 - [TEST_STEP][PASSED] - closeBrowser(): Browser is closed

25-05-2024T21:00:16 - [MESSAGE][PASSED] - Browser is closed]]></system-out>
         <system-err><![CDATA[]]></system-err>
      </testcase>
      <testcase name="Test Cases/verifyFacebookLink" time="16.987" classname="Test Cases/verifyFacebookLink" status="PASSED">
         <system-out><![CDATA[25-05-2024T21:00:16 - [TEST_CASE][PASSED] - Test Cases/verifyFacebookLink: Test Cases/verifyFacebookLink

25-05-2024T21:00:16 - [TEST_STEP][PASSED] - openBrowser(""): Browser is opened with url: ''

25-05-2024T21:00:16 - [MESSAGE][INFO] - Starting 'Edge Chromium' driver

25-05-2024T21:00:20 - [MESSAGE][INFO] - Action delay is set to 0 milliseconds

25-05-2024T21:00:24 - [MESSAGE][PASSED] - Browser is opened with url: ''

25-05-2024T21:00:24 - [TEST_STEP][PASSED] - navigateToUrl("https://www.saucedemo.com/v1/"): Navigate to 'https://www.saucedemo.com/v1/' successfully

25-05-2024T21:00:28 - [MESSAGE][PASSED] - Navigate to 'https://www.saucedemo.com/v1/' successfully

25-05-2024T21:00:28 - [TEST_STEP][PASSED] - setText(findTestObject("Object Repository/Page_Swag Labs/input_standard_userlocked_out_userproblem_u_db77ac"), "problem_user"): Text 'problem_user' is set on object 'Object Repository/Page_Swag Labs/input_standard_userlocked_out_userproblem_u_db77ac'

25-05-2024T21:00:29 - [MESSAGE][PASSED] - Text 'problem_user' is set on object 'Object Repository/Page_Swag Labs/input_standard_userlocked_out_userproblem_u_db77ac'

25-05-2024T21:00:29 - [TEST_STEP][PASSED] - setEncryptedText(findTestObject("Object Repository/Page_Swag Labs/input_standard_userlocked_out_userproblem_u_3423e9"), "qcu24s4901FyWDTwXGr6XA=="): Text ****** has been set on object 'Object Repository/Page_Swag Labs/input_standard_userlocked_out_userproblem_u_3423e9'

25-05-2024T21:00:30 - [MESSAGE][PASSED] - Text ****** has been set on object 'Object Repository/Page_Swag Labs/input_standard_userlocked_out_userproblem_u_3423e9'

25-05-2024T21:00:30 - [TEST_STEP][PASSED] - click(findTestObject("Object Repository/Page_Swag Labs/input_standard_userlocked_out_userproblem_u_0dff71")): Object: 'Object Repository/Page_Swag Labs/input_standard_userlocked_out_userproblem_u_0dff71' is clicked on

25-05-2024T21:00:31 - [MESSAGE][PASSED] - Object: 'Object Repository/Page_Swag Labs/input_standard_userlocked_out_userproblem_u_0dff71' is clicked on

25-05-2024T21:00:31 - [TEST_STEP][PASSED] - verifyElementPresent(findTestObject("Object Repository/Page_Swag Labs/li_Facebook"), 0): Object 'Object Repository/Page_Swag Labs/li_Facebook' is present

25-05-2024T21:00:31 - [MESSAGE][WARNING] - Timeout '0' is invalid. Using default page load timeout: '30'

25-05-2024T21:00:31 - [MESSAGE][PASSED] - Object 'Object Repository/Page_Swag Labs/li_Facebook' is present

25-05-2024T21:00:31 - [TEST_STEP][PASSED] - closeBrowser(): Browser is closed

25-05-2024T21:00:33 - [MESSAGE][PASSED] - Browser is closed]]></system-out>
         <system-err><![CDATA[]]></system-err>
      </testcase>
      <system-out><![CDATA[25-05-2024T20:57:14 - [TEST_SUITE][PASSED] - SauceDemo: Test Cases/verifyFacebookLink]]></system-out>
      <system-err><![CDATA[]]></system-err>
   </testsuite>
</testsuites>
