<?xml version="1.0" encoding="UTF-8"?>
<testsuites name="TestSuite8" time="167.625" tests="8" failures="0" errors="0">
   <testsuite name="TestSuite8" tests="8" failures="0" errors="0" time="167.625" skipped="0" timestamp="18-05-2024T14:38:39" hostname="EC682SV - IN3514483W1.ey.net" id="Test Suites/TestSuite8">
      <properties>
         <property name="deviceName" value=""/>
         <property name="devicePlatform" value=""/>
         <property name="logFolder" value="C:\\Users\\EC682SV\\git\\KatalonTraining\\Reports\\20240518_143726\\TestSuite8\\20240518_143745"/>
         <property name="logFiles" value="C:\\Users\\EC682SV\\git\\KatalonTraining\\Reports\\20240518_143726\\TestSuite8\\20240518_143745\\execution0.log"/>
         <property name="attachments" value=""/>
         <property name="hostName" value="EC682SV - IN3514483W1.ey.net"/>
         <property name="os" value="Windows 10 64bit"/>
         <property name="katalonVersion" value="9.4.0.212"/>
         <property name="browser" value="Edge Chromium 124"/>
         <property name="hostAddress" value="192.168.1.3"/>
         <property name="sessionId" value="31c7cab07382901d2113e9c16c2ef61a"/>
         <property name="seleniumVersion" value="3.141.59"/>
         <property name="proxyInformation" value="ProxyInformation { proxyOption=NO_PROXY, proxyServerType=HTTP, username=, password=********, proxyServerAddress=, proxyServerPort=0, executionList=&quot;&quot;, isApplyToDesiredCapabilities=true }"/>
         <property name="platform" value="Windows 10"/>
      </properties>
      <testcase name="Test Cases/TestCase1" time="34.189" classname="Test Cases/TestCase1" status="PASSED">
         <system-out><![CDATA[18-05-2024T14:38:40 - [TEST_CASE][PASSED] - Test Cases/TestCase1: Test Cases/TestCase1

18-05-2024T14:38:41 - [TEST_STEP][PASSED] - openBrowser(""): Browser is opened with url: ''

18-05-2024T14:38:42 - [MESSAGE][INFO] - Starting 'Edge Chromium' driver

18-05-2024T14:38:55 - [MESSAGE][INFO] - Action delay is set to 0 milliseconds

18-05-2024T14:39:11 - [MESSAGE][PASSED] - Browser is opened with url: ''

18-05-2024T14:39:11 - [TEST_STEP][PASSED] - closeBrowser(): Browser is closed

18-05-2024T14:39:14 - [MESSAGE][PASSED] - Browser is closed]]></system-out>
         <system-err><![CDATA[]]></system-err>
      </testcase>
      <testcase name="Test Cases/TestCase2" time="19.125" classname="Test Cases/TestCase2" status="PASSED">
         <system-out><![CDATA[18-05-2024T14:39:14 - [TEST_CASE][PASSED] - Test Cases/TestCase2: Test Cases/TestCase2

18-05-2024T14:39:14 - [TEST_STEP][PASSED] - openBrowser(""): Browser is opened with url: ''

18-05-2024T14:39:14 - [MESSAGE][INFO] - Starting 'Edge Chromium' driver

18-05-2024T14:39:21 - [MESSAGE][INFO] - Action delay is set to 0 milliseconds

18-05-2024T14:39:24 - [MESSAGE][PASSED] - Browser is opened with url: ''

18-05-2024T14:39:24 - [TEST_STEP][PASSED] - closeBrowser(): Browser is closed

18-05-2024T14:39:33 - [MESSAGE][PASSED] - Browser is closed]]></system-out>
         <system-err><![CDATA[]]></system-err>
      </testcase>
      <testcase name="Test Cases/TestCase3" time="33.274" classname="Test Cases/TestCase3" status="PASSED">
         <system-out><![CDATA[18-05-2024T14:39:33 - [TEST_CASE][PASSED] - Test Cases/TestCase3: Test Cases/TestCase3

18-05-2024T14:39:33 - [TEST_STEP][PASSED] - openBrowser(""): Browser is opened with url: ''

18-05-2024T14:39:33 - [MESSAGE][INFO] - Starting 'Edge Chromium' driver

18-05-2024T14:39:42 - [MESSAGE][INFO] - Action delay is set to 0 milliseconds

18-05-2024T14:39:47 - [MESSAGE][PASSED] - Browser is opened with url: ''

18-05-2024T14:39:47 - [TEST_STEP][PASSED] - closeBrowser(): Browser is closed

18-05-2024T14:40:07 - [MESSAGE][PASSED] - Browser is closed]]></system-out>
         <system-err><![CDATA[]]></system-err>
      </testcase>
      <testcase name="Test Cases/TestCase4" time="16.078" classname="Test Cases/TestCase4" status="PASSED">
         <system-out><![CDATA[18-05-2024T14:40:07 - [TEST_CASE][PASSED] - Test Cases/TestCase4: Test Cases/TestCase4

18-05-2024T14:40:07 - [TEST_STEP][PASSED] - openBrowser(""): Browser is opened with url: ''

18-05-2024T14:40:07 - [MESSAGE][INFO] - Starting 'Edge Chromium' driver

18-05-2024T14:40:14 - [MESSAGE][INFO] - Action delay is set to 0 milliseconds

18-05-2024T14:40:18 - [MESSAGE][PASSED] - Browser is opened with url: ''

18-05-2024T14:40:18 - [TEST_STEP][PASSED] - closeBrowser(): Browser is closed

18-05-2024T14:40:23 - [MESSAGE][PASSED] - Browser is closed]]></system-out>
         <system-err><![CDATA[]]></system-err>
      </testcase>
      <testcase name="Test Cases/TestCase5" time="17.32" classname="Test Cases/TestCase5" status="PASSED">
         <system-out><![CDATA[18-05-2024T14:40:23 - [TEST_CASE][PASSED] - Test Cases/TestCase5: Test Cases/TestCase5

18-05-2024T14:40:23 - [TEST_STEP][PASSED] - openBrowser(""): Browser is opened with url: ''

18-05-2024T14:40:23 - [MESSAGE][INFO] - Starting 'Edge Chromium' driver

18-05-2024T14:40:28 - [MESSAGE][INFO] - Action delay is set to 0 milliseconds

18-05-2024T14:40:36 - [MESSAGE][PASSED] - Browser is opened with url: ''

18-05-2024T14:40:36 - [TEST_STEP][PASSED] - closeBrowser(): Browser is closed

18-05-2024T14:40:40 - [MESSAGE][PASSED] - Browser is closed]]></system-out>
         <system-err><![CDATA[]]></system-err>
      </testcase>
      <testcase name="Test Cases/TestCase6" time="15.97" classname="Test Cases/TestCase6" status="PASSED">
         <system-out><![CDATA[18-05-2024T14:40:40 - [TEST_CASE][PASSED] - Test Cases/TestCase6: Test Cases/TestCase6

18-05-2024T14:40:40 - [TEST_STEP][PASSED] - openBrowser(""): Browser is opened with url: ''

18-05-2024T14:40:40 - [MESSAGE][INFO] - Starting 'Edge Chromium' driver

18-05-2024T14:40:44 - [MESSAGE][INFO] - Action delay is set to 0 milliseconds

18-05-2024T14:40:53 - [MESSAGE][PASSED] - Browser is opened with url: ''

18-05-2024T14:40:53 - [TEST_STEP][PASSED] - closeBrowser(): Browser is closed

18-05-2024T14:40:56 - [MESSAGE][PASSED] - Browser is closed]]></system-out>
         <system-err><![CDATA[]]></system-err>
      </testcase>
      <testcase name="Test Cases/TestCase7" time="18.083" classname="Test Cases/TestCase7" status="PASSED">
         <system-out><![CDATA[18-05-2024T14:40:56 - [TEST_CASE][PASSED] - Test Cases/TestCase7: Test Cases/TestCase7

18-05-2024T14:40:56 - [TEST_STEP][PASSED] - openBrowser(""): Browser is opened with url: ''

18-05-2024T14:40:56 - [MESSAGE][INFO] - Starting 'Edge Chromium' driver

18-05-2024T14:40:59 - [MESSAGE][INFO] - Action delay is set to 0 milliseconds

18-05-2024T14:41:05 - [MESSAGE][PASSED] - Browser is opened with url: ''

18-05-2024T14:41:05 - [TEST_STEP][PASSED] - closeBrowser(): Browser is closed

18-05-2024T14:41:14 - [MESSAGE][PASSED] - Browser is closed]]></system-out>
         <system-err><![CDATA[]]></system-err>
      </testcase>
      <testcase name="Test Cases/TestCase8" time="12.739" classname="Test Cases/TestCase8" status="PASSED">
         <system-out><![CDATA[18-05-2024T14:41:14 - [TEST_CASE][PASSED] - Test Cases/TestCase8: Test Cases/TestCase8

18-05-2024T14:41:14 - [TEST_STEP][PASSED] - openBrowser(""): Browser is opened with url: ''

18-05-2024T14:41:14 - [MESSAGE][INFO] - Starting 'Edge Chromium' driver

18-05-2024T14:41:18 - [MESSAGE][INFO] - Action delay is set to 0 milliseconds

18-05-2024T14:41:25 - [MESSAGE][PASSED] - Browser is opened with url: ''

18-05-2024T14:41:25 - [TEST_STEP][PASSED] - closeBrowser(): Browser is closed

18-05-2024T14:41:27 - [MESSAGE][PASSED] - Browser is closed]]></system-out>
         <system-err><![CDATA[]]></system-err>
      </testcase>
      <system-out><![CDATA[18-05-2024T14:38:39 - [TEST_SUITE][PASSED] - TestSuite8: Test Cases/TestCase8]]></system-out>
      <system-err><![CDATA[]]></system-err>
   </testsuite>
</testsuites>
