<?xml version="1.0" encoding="UTF-8"?>
<testsuites name="TestSuite4" time="111.4" tests="4" failures="0" errors="0">
   <testsuite name="TestSuite4" tests="4" failures="0" errors="0" time="111.4" skipped="0" timestamp="18-05-2024T14:38:31" hostname="EC682SV - IN3514483W1.ey.net" id="Test Suites/TestSuite4">
      <properties>
         <property name="deviceName" value=""/>
         <property name="devicePlatform" value=""/>
         <property name="logFolder" value="C:\\Users\\EC682SV\\git\\KatalonTraining\\Reports\\20240518_143726\\TestSuite4\\20240518_143735"/>
         <property name="logFiles" value="C:\\Users\\EC682SV\\git\\KatalonTraining\\Reports\\20240518_143726\\TestSuite4\\20240518_143735\\execution0.log"/>
         <property name="attachments" value=""/>
         <property name="hostName" value="EC682SV - IN3514483W1.ey.net"/>
         <property name="os" value="Windows 10 64bit"/>
         <property name="katalonVersion" value="9.4.0.212"/>
         <property name="browser" value="Edge Chromium 124"/>
         <property name="hostAddress" value="192.168.1.3"/>
         <property name="sessionId" value="48a2f3143f60e1ee022167b417f2fb79"/>
         <property name="seleniumVersion" value="3.141.59"/>
         <property name="proxyInformation" value="ProxyInformation { proxyOption=NO_PROXY, proxyServerType=HTTP, username=, password=********, proxyServerAddress=, proxyServerPort=0, executionList=&quot;&quot;, isApplyToDesiredCapabilities=true }"/>
         <property name="platform" value="Windows 10"/>
      </properties>
      <testcase name="Test Cases/TestCase1" time="46.894" classname="Test Cases/TestCase1" status="PASSED">
         <system-out><![CDATA[18-05-2024T14:38:32 - [TEST_CASE][PASSED] - Test Cases/TestCase1: Test Cases/TestCase1

18-05-2024T14:38:33 - [TEST_STEP][PASSED] - openBrowser(""): Browser is opened with url: ''

18-05-2024T14:38:34 - [MESSAGE][INFO] - Starting 'Edge Chromium' driver

18-05-2024T14:38:48 - [MESSAGE][INFO] - Action delay is set to 0 milliseconds

18-05-2024T14:39:04 - [MESSAGE][PASSED] - Browser is opened with url: ''

18-05-2024T14:39:04 - [TEST_STEP][PASSED] - closeBrowser(): Browser is closed

18-05-2024T14:39:19 - [MESSAGE][PASSED] - Browser is closed]]></system-out>
         <system-err><![CDATA[]]></system-err>
      </testcase>
      <testcase name="Test Cases/TestCase2" time="13.327" classname="Test Cases/TestCase2" status="PASSED">
         <system-out><![CDATA[18-05-2024T14:39:19 - [TEST_CASE][PASSED] - Test Cases/TestCase2: Test Cases/TestCase2

18-05-2024T14:39:19 - [TEST_STEP][PASSED] - openBrowser(""): Browser is opened with url: ''

18-05-2024T14:39:19 - [MESSAGE][INFO] - Starting 'Edge Chromium' driver

18-05-2024T14:39:24 - [MESSAGE][INFO] - Action delay is set to 0 milliseconds

18-05-2024T14:39:27 - [MESSAGE][PASSED] - Browser is opened with url: ''

18-05-2024T14:39:27 - [TEST_STEP][PASSED] - closeBrowser(): Browser is closed

18-05-2024T14:39:32 - [MESSAGE][PASSED] - Browser is closed]]></system-out>
         <system-err><![CDATA[]]></system-err>
      </testcase>
      <testcase name="Test Cases/TestCase3" time="30.647" classname="Test Cases/TestCase3" status="PASSED">
         <system-out><![CDATA[18-05-2024T14:39:32 - [TEST_CASE][PASSED] - Test Cases/TestCase3: Test Cases/TestCase3

18-05-2024T14:39:32 - [TEST_STEP][PASSED] - openBrowser(""): Browser is opened with url: ''

18-05-2024T14:39:32 - [MESSAGE][INFO] - Starting 'Edge Chromium' driver

18-05-2024T14:39:36 - [MESSAGE][INFO] - Action delay is set to 0 milliseconds

18-05-2024T14:39:42 - [MESSAGE][PASSED] - Browser is opened with url: ''

18-05-2024T14:39:42 - [TEST_STEP][PASSED] - closeBrowser(): Browser is closed

18-05-2024T14:40:03 - [MESSAGE][PASSED] - Browser is closed]]></system-out>
         <system-err><![CDATA[]]></system-err>
      </testcase>
      <testcase name="Test Cases/TestCase4" time="19.38" classname="Test Cases/TestCase4" status="PASSED">
         <system-out><![CDATA[18-05-2024T14:40:03 - [TEST_CASE][PASSED] - Test Cases/TestCase4: Test Cases/TestCase4

18-05-2024T14:40:03 - [TEST_STEP][PASSED] - openBrowser(""): Browser is opened with url: ''

18-05-2024T14:40:03 - [MESSAGE][INFO] - Starting 'Edge Chromium' driver

18-05-2024T14:40:09 - [MESSAGE][INFO] - Action delay is set to 0 milliseconds

18-05-2024T14:40:13 - [MESSAGE][PASSED] - Browser is opened with url: ''

18-05-2024T14:40:13 - [TEST_STEP][PASSED] - closeBrowser(): Browser is closed

18-05-2024T14:40:22 - [MESSAGE][PASSED] - Browser is closed]]></system-out>
         <system-err><![CDATA[]]></system-err>
      </testcase>
      <system-out><![CDATA[18-05-2024T14:38:31 - [TEST_SUITE][PASSED] - TestSuite4: Test Cases/TestCase4]]></system-out>
      <system-err><![CDATA[]]></system-err>
   </testsuite>
</testsuites>
