<?xml version="1.0" encoding="UTF-8"?>
<testsuites name="TestSuite7" time="49.422" tests="7" failures="0" errors="0">
   <testsuite name="TestSuite7" tests="7" failures="0" errors="0" time="49.422" skipped="0" timestamp="18-05-2024T18:10:28" hostname="EC682SV - IN3514483W1.ey.net" id="Test Suites/TestSuite7">
      <properties>
         <property name="deviceName" value=""/>
         <property name="devicePlatform" value=""/>
         <property name="logFolder" value="C:\\Users\\EC682SV\\git\\KatalonTraining\\Reports\\20240518_180506\\TestSuite7\\20240518_180521"/>
         <property name="logFiles" value="C:\\Users\\EC682SV\\git\\KatalonTraining\\Reports\\20240518_180506\\TestSuite7\\20240518_180521\\execution0.log"/>
         <property name="attachments" value=""/>
         <property name="hostName" value="EC682SV - IN3514483W1.ey.net"/>
         <property name="os" value="Windows 10 64bit"/>
         <property name="katalonVersion" value="9.4.0.212"/>
         <property name="browser" value="Edge Chromium 124"/>
         <property name="hostAddress" value="192.168.1.3"/>
         <property name="sessionId" value="1224a0648004cfbf706c0c49c6aed6c0"/>
         <property name="seleniumVersion" value="3.141.59"/>
         <property name="proxyInformation" value="ProxyInformation { proxyOption=NO_PROXY, proxyServerType=HTTP, username=, password=********, proxyServerAddress=, proxyServerPort=0, executionList=&quot;&quot;, isApplyToDesiredCapabilities=true }"/>
         <property name="platform" value="Windows 10"/>
      </properties>
      <testcase name="Test Cases/TestCase1" time="9.004" classname="Test Cases/TestCase1" status="PASSED">
         <system-out><![CDATA[18-05-2024T18:10:28 - [TEST_CASE][PASSED] - Test Cases/TestCase1: Test Cases/TestCase1

18-05-2024T18:10:29 - [TEST_STEP][PASSED] - openBrowser(""): Browser is opened with url: ''

18-05-2024T18:10:29 - [MESSAGE][INFO] - Starting 'Edge Chromium' driver

18-05-2024T18:10:31 - [MESSAGE][INFO] - Action delay is set to 0 milliseconds

18-05-2024T18:10:36 - [MESSAGE][PASSED] - Browser is opened with url: ''

18-05-2024T18:10:36 - [TEST_STEP][PASSED] - closeBrowser(): Browser is closed

18-05-2024T18:10:37 - [MESSAGE][PASSED] - Browser is closed]]></system-out>
         <system-err><![CDATA[]]></system-err>
      </testcase>
      <testcase name="Test Cases/TestCase2" time="6.697" classname="Test Cases/TestCase2" status="PASSED">
         <system-out><![CDATA[18-05-2024T18:10:37 - [TEST_CASE][PASSED] - Test Cases/TestCase2: Test Cases/TestCase2

18-05-2024T18:10:37 - [TEST_STEP][PASSED] - openBrowser(""): Browser is opened with url: ''

18-05-2024T18:10:37 - [MESSAGE][INFO] - Starting 'Edge Chromium' driver

18-05-2024T18:10:39 - [MESSAGE][INFO] - Action delay is set to 0 milliseconds

18-05-2024T18:10:43 - [MESSAGE][PASSED] - Browser is opened with url: ''

18-05-2024T18:10:43 - [TEST_STEP][PASSED] - closeBrowser(): Browser is closed

18-05-2024T18:10:44 - [MESSAGE][PASSED] - Browser is closed]]></system-out>
         <system-err><![CDATA[]]></system-err>
      </testcase>
      <testcase name="Test Cases/TestCase3" time="6.48" classname="Test Cases/TestCase3" status="PASSED">
         <system-out><![CDATA[18-05-2024T18:10:44 - [TEST_CASE][PASSED] - Test Cases/TestCase3: Test Cases/TestCase3

18-05-2024T18:10:44 - [TEST_STEP][PASSED] - openBrowser(""): Browser is opened with url: ''

18-05-2024T18:10:44 - [MESSAGE][INFO] - Starting 'Edge Chromium' driver

18-05-2024T18:10:46 - [MESSAGE][INFO] - Action delay is set to 0 milliseconds

18-05-2024T18:10:49 - [MESSAGE][PASSED] - Browser is opened with url: ''

18-05-2024T18:10:49 - [TEST_STEP][PASSED] - closeBrowser(): Browser is closed

18-05-2024T18:10:51 - [MESSAGE][PASSED] - Browser is closed]]></system-out>
         <system-err><![CDATA[]]></system-err>
      </testcase>
      <testcase name="Test Cases/TestCase4" time="6.683" classname="Test Cases/TestCase4" status="PASSED">
         <system-out><![CDATA[18-05-2024T18:10:51 - [TEST_CASE][PASSED] - Test Cases/TestCase4: Test Cases/TestCase4

18-05-2024T18:10:51 - [TEST_STEP][PASSED] - openBrowser(""): Browser is opened with url: ''

18-05-2024T18:10:51 - [MESSAGE][INFO] - Starting 'Edge Chromium' driver

18-05-2024T18:10:52 - [MESSAGE][INFO] - Action delay is set to 0 milliseconds

18-05-2024T18:10:56 - [MESSAGE][PASSED] - Browser is opened with url: ''

18-05-2024T18:10:56 - [TEST_STEP][PASSED] - closeBrowser(): Browser is closed

18-05-2024T18:10:57 - [MESSAGE][PASSED] - Browser is closed]]></system-out>
         <system-err><![CDATA[]]></system-err>
      </testcase>
      <testcase name="Test Cases/TestCase5" time="6.871" classname="Test Cases/TestCase5" status="PASSED">
         <system-out><![CDATA[18-05-2024T18:10:57 - [TEST_CASE][PASSED] - Test Cases/TestCase5: Test Cases/TestCase5

18-05-2024T18:10:57 - [TEST_STEP][PASSED] - openBrowser(""): Browser is opened with url: ''

18-05-2024T18:10:57 - [MESSAGE][INFO] - Starting 'Edge Chromium' driver

18-05-2024T18:10:59 - [MESSAGE][INFO] - Action delay is set to 0 milliseconds

18-05-2024T18:11:03 - [MESSAGE][PASSED] - Browser is opened with url: ''

18-05-2024T18:11:03 - [TEST_STEP][PASSED] - closeBrowser(): Browser is closed

18-05-2024T18:11:04 - [MESSAGE][PASSED] - Browser is closed]]></system-out>
         <system-err><![CDATA[]]></system-err>
      </testcase>
      <testcase name="Test Cases/TestCase6" time="6.704" classname="Test Cases/TestCase6" status="PASSED">
         <system-out><![CDATA[18-05-2024T18:11:04 - [TEST_CASE][PASSED] - Test Cases/TestCase6: Test Cases/TestCase6

18-05-2024T18:11:04 - [TEST_STEP][PASSED] - openBrowser(""): Browser is opened with url: ''

18-05-2024T18:11:04 - [MESSAGE][INFO] - Starting 'Edge Chromium' driver

18-05-2024T18:11:06 - [MESSAGE][INFO] - Action delay is set to 0 milliseconds

18-05-2024T18:11:10 - [MESSAGE][PASSED] - Browser is opened with url: ''

18-05-2024T18:11:10 - [TEST_STEP][PASSED] - closeBrowser(): Browser is closed

18-05-2024T18:11:11 - [MESSAGE][PASSED] - Browser is closed]]></system-out>
         <system-err><![CDATA[]]></system-err>
      </testcase>
      <testcase name="Test Cases/TestCase7" time="6.652" classname="Test Cases/TestCase7" status="PASSED">
         <system-out><![CDATA[18-05-2024T18:11:11 - [TEST_CASE][PASSED] - Test Cases/TestCase7: Test Cases/TestCase7

18-05-2024T18:11:11 - [TEST_STEP][PASSED] - openBrowser(""): Browser is opened with url: ''

18-05-2024T18:11:11 - [MESSAGE][INFO] - Starting 'Edge Chromium' driver

18-05-2024T18:11:13 - [MESSAGE][INFO] - Action delay is set to 0 milliseconds

18-05-2024T18:11:16 - [MESSAGE][PASSED] - Browser is opened with url: ''

18-05-2024T18:11:16 - [TEST_STEP][PASSED] - closeBrowser(): Browser is closed

18-05-2024T18:11:18 - [MESSAGE][PASSED] - Browser is closed]]></system-out>
         <system-err><![CDATA[]]></system-err>
      </testcase>
      <system-out><![CDATA[18-05-2024T18:10:28 - [TEST_SUITE][PASSED] - TestSuite7: Test Cases/TestCase7]]></system-out>
      <system-err><![CDATA[]]></system-err>
   </testsuite>
</testsuites>
