<?xml version="1.0" encoding="UTF-8"?>
<testsuites name="CheckpointSuite" time="12.77" tests="1" failures="0" errors="0">
   <testsuite name="CheckpointSuite" tests="1" failures="0" errors="0" time="12.77" skipped="0" timestamp="26-05-2024T10:54:45" hostname="EC682SV - IN3514483W1.ey.net" id="Test Suites/CheckpointSuite">
      <properties>
         <property name="deviceName" value=""/>
         <property name="devicePlatform" value=""/>
         <property name="logFolder" value="C:\\Users\\EC682SV\\git\\KatalonTraining\\Reports\\20240526_105434\\CheckpointSuite\\20240526_105434"/>
         <property name="logFiles" value="C:\\Users\\EC682SV\\git\\KatalonTraining\\Reports\\20240526_105434\\CheckpointSuite\\20240526_105434\\execution0.log"/>
         <property name="attachments" value="keyes\keyes-loginPage.png"/>
         <property name="hostName" value="EC682SV - IN3514483W1.ey.net"/>
         <property name="os" value="Windows 10 64bit"/>
         <property name="katalonVersion" value="9.4.0.212"/>
         <property name="browser" value="Chrome 125.0.0.0"/>
         <property name="hostAddress" value="192.168.1.3"/>
         <property name="sessionId" value="80c8d7ad11a08dfc97c9660e5ca18434"/>
         <property name="seleniumVersion" value="3.141.59"/>
         <property name="proxyInformation" value="ProxyInformation { proxyOption=NO_PROXY, proxyServerType=HTTP, username=, password=********, proxyServerAddress=, proxyServerPort=0, executionList=&quot;&quot;, isApplyToDesiredCapabilities=true }"/>
         <property name="platform" value="Windows 10"/>
      </properties>
      <testcase name="Test Cases/verifyCheckpoint" time="11.951" classname="Test Cases/verifyCheckpoint" status="PASSED">
         <system-out><![CDATA[26-05-2024T10:54:46 - [TEST_CASE][PASSED] - Test Cases/verifyCheckpoint: Test Cases/verifyCheckpoint

26-05-2024T10:54:47 - [TEST_STEP][PASSED] - openBrowser(""): Browser is opened with url: ''

26-05-2024T10:54:48 - [MESSAGE][INFO] - Starting 'Chrome (headless)' driver

26-05-2024T10:54:48 - [MESSAGE][INFO] - Action delay is set to 0 milliseconds

26-05-2024T10:54:55 - [MESSAGE][PASSED] - Browser is opened with url: ''

26-05-2024T10:54:55 - [TEST_STEP][PASSED] - navigateToUrl("https://www.saucedemo.com/v1/"): Navigate to 'https://www.saucedemo.com/v1/' successfully

26-05-2024T10:54:56 - [MESSAGE][PASSED] - Navigate to 'https://www.saucedemo.com/v1/' successfully

26-05-2024T10:54:56 - [TEST_STEP][PASSED] - takeScreenshotAsCheckpoint("loginPage"): Taking screenshot successfully

26-05-2024T10:54:57 - [MESSAGE][INFO] - 0 hidden object(s)

26-05-2024T10:54:57 - [MESSAGE][PASSED] - Taking screenshot successfully
[[ATTACHMENT|keyes\keyes-loginPage.png]]

26-05-2024T10:54:57 - [TEST_STEP][PASSED] - closeBrowser(): Browser is closed

26-05-2024T10:54:58 - [MESSAGE][PASSED] - Browser is closed]]></system-out>
         <system-err><![CDATA[]]></system-err>
      </testcase>
      <system-out><![CDATA[26-05-2024T10:54:45 - [TEST_SUITE][PASSED] - CheckpointSuite: Test Cases/verifyCheckpoint]]></system-out>
      <system-err><![CDATA[]]></system-err>
   </testsuite>
</testsuites>
