<?xml version="1.0" encoding="UTF-8"?>
<testsuites name="TestSuite3" time="22.332" tests="3" failures="0" errors="0">
   <testsuite name="TestSuite3" tests="3" failures="0" errors="0" time="22.332" skipped="0" timestamp="18-05-2024T18:07:45" hostname="EC682SV - IN3514483W1.ey.net" id="Test Suites/TestSuite3">
      <properties>
         <property name="deviceName" value=""/>
         <property name="devicePlatform" value=""/>
         <property name="logFolder" value="C:\\Users\\EC682SV\\git\\KatalonTraining\\Reports\\20240518_180506\\TestSuite3\\20240518_180513"/>
         <property name="logFiles" value="C:\\Users\\EC682SV\\git\\KatalonTraining\\Reports\\20240518_180506\\TestSuite3\\20240518_180513\\execution0.log"/>
         <property name="attachments" value=""/>
         <property name="hostName" value="EC682SV - IN3514483W1.ey.net"/>
         <property name="os" value="Windows 10 64bit"/>
         <property name="katalonVersion" value="9.4.0.212"/>
         <property name="browser" value="Edge Chromium 124"/>
         <property name="hostAddress" value="192.168.1.3"/>
         <property name="sessionId" value="bbd85e3b6b1862930dbe2e54008a05d9"/>
         <property name="seleniumVersion" value="3.141.59"/>
         <property name="proxyInformation" value="ProxyInformation { proxyOption=NO_PROXY, proxyServerType=HTTP, username=, password=********, proxyServerAddress=, proxyServerPort=0, executionList=&quot;&quot;, isApplyToDesiredCapabilities=true }"/>
         <property name="platform" value="Windows 10"/>
      </properties>
      <testcase name="Test Cases/TestCase1" time="9.022" classname="Test Cases/TestCase1" status="PASSED">
         <system-out><![CDATA[18-05-2024T18:07:45 - [TEST_CASE][PASSED] - Test Cases/TestCase1: Test Cases/TestCase1

18-05-2024T18:07:45 - [TEST_STEP][PASSED] - openBrowser(""): Browser is opened with url: ''

18-05-2024T18:07:46 - [MESSAGE][INFO] - Starting 'Edge Chromium' driver

18-05-2024T18:07:48 - [MESSAGE][INFO] - Action delay is set to 0 milliseconds

18-05-2024T18:07:53 - [MESSAGE][PASSED] - Browser is opened with url: ''

18-05-2024T18:07:53 - [TEST_STEP][PASSED] - closeBrowser(): Browser is closed

18-05-2024T18:07:54 - [MESSAGE][PASSED] - Browser is closed]]></system-out>
         <system-err><![CDATA[]]></system-err>
      </testcase>
      <testcase name="Test Cases/TestCase2" time="6.613" classname="Test Cases/TestCase2" status="PASSED">
         <system-out><![CDATA[18-05-2024T18:07:54 - [TEST_CASE][PASSED] - Test Cases/TestCase2: Test Cases/TestCase2

18-05-2024T18:07:54 - [TEST_STEP][PASSED] - openBrowser(""): Browser is opened with url: ''

18-05-2024T18:07:54 - [MESSAGE][INFO] - Starting 'Edge Chromium' driver

18-05-2024T18:07:56 - [MESSAGE][INFO] - Action delay is set to 0 milliseconds

18-05-2024T18:07:59 - [MESSAGE][PASSED] - Browser is opened with url: ''

18-05-2024T18:07:59 - [TEST_STEP][PASSED] - closeBrowser(): Browser is closed

18-05-2024T18:08:01 - [MESSAGE][PASSED] - Browser is closed]]></system-out>
         <system-err><![CDATA[]]></system-err>
      </testcase>
      <testcase name="Test Cases/TestCase3" time="6.408" classname="Test Cases/TestCase3" status="PASSED">
         <system-out><![CDATA[18-05-2024T18:08:01 - [TEST_CASE][PASSED] - Test Cases/TestCase3: Test Cases/TestCase3

18-05-2024T18:08:01 - [TEST_STEP][PASSED] - openBrowser(""): Browser is opened with url: ''

18-05-2024T18:08:01 - [MESSAGE][INFO] - Starting 'Edge Chromium' driver

18-05-2024T18:08:02 - [MESSAGE][INFO] - Action delay is set to 0 milliseconds

18-05-2024T18:08:06 - [MESSAGE][PASSED] - Browser is opened with url: ''

18-05-2024T18:08:06 - [TEST_STEP][PASSED] - closeBrowser(): Browser is closed

18-05-2024T18:08:07 - [MESSAGE][PASSED] - Browser is closed]]></system-out>
         <system-err><![CDATA[]]></system-err>
      </testcase>
      <system-out><![CDATA[18-05-2024T18:07:45 - [TEST_SUITE][PASSED] - TestSuite3: Test Cases/TestCase3]]></system-out>
      <system-err><![CDATA[]]></system-err>
   </testsuite>
</testsuites>
