<?xml version="1.0" encoding="UTF-8"?>
<testsuites name="TestSuite2" time="16.042" tests="2" failures="0" errors="0">
   <testsuite name="TestSuite2" tests="2" failures="0" errors="0" time="16.042" skipped="0" timestamp="18-05-2024T18:07:21" hostname="EC682SV - IN3514483W1.ey.net" id="Test Suites/TestSuite2">
      <properties>
         <property name="deviceName" value=""/>
         <property name="devicePlatform" value=""/>
         <property name="logFolder" value="C:\\Users\\EC682SV\\git\\KatalonTraining\\Reports\\20240518_180506\\TestSuite2\\20240518_180511"/>
         <property name="logFiles" value="C:\\Users\\EC682SV\\git\\KatalonTraining\\Reports\\20240518_180506\\TestSuite2\\20240518_180511\\execution0.log"/>
         <property name="attachments" value=""/>
         <property name="hostName" value="EC682SV - IN3514483W1.ey.net"/>
         <property name="os" value="Windows 10 64bit"/>
         <property name="katalonVersion" value="9.4.0.212"/>
         <property name="browser" value="Edge Chromium 124"/>
         <property name="hostAddress" value="192.168.1.3"/>
         <property name="sessionId" value="3e9d0409d8bb55a04a4e51a9e9098a3c"/>
         <property name="seleniumVersion" value="3.141.59"/>
         <property name="proxyInformation" value="ProxyInformation { proxyOption=NO_PROXY, proxyServerType=HTTP, username=, password=********, proxyServerAddress=, proxyServerPort=0, executionList=&quot;&quot;, isApplyToDesiredCapabilities=true }"/>
         <property name="platform" value="Windows 10"/>
      </properties>
      <testcase name="Test Cases/TestCase1" time="9.057" classname="Test Cases/TestCase1" status="PASSED">
         <system-out><![CDATA[18-05-2024T18:07:22 - [TEST_CASE][PASSED] - Test Cases/TestCase1: Test Cases/TestCase1

18-05-2024T18:07:22 - [TEST_STEP][PASSED] - openBrowser(""): Browser is opened with url: ''

18-05-2024T18:07:23 - [MESSAGE][INFO] - Starting 'Edge Chromium' driver

18-05-2024T18:07:25 - [MESSAGE][INFO] - Action delay is set to 0 milliseconds

18-05-2024T18:07:29 - [MESSAGE][PASSED] - Browser is opened with url: ''

18-05-2024T18:07:29 - [TEST_STEP][PASSED] - closeBrowser(): Browser is closed

18-05-2024T18:07:31 - [MESSAGE][PASSED] - Browser is closed]]></system-out>
         <system-err><![CDATA[]]></system-err>
      </testcase>
      <testcase name="Test Cases/TestCase2" time="6.693" classname="Test Cases/TestCase2" status="PASSED">
         <system-out><![CDATA[18-05-2024T18:07:31 - [TEST_CASE][PASSED] - Test Cases/TestCase2: Test Cases/TestCase2

18-05-2024T18:07:31 - [TEST_STEP][PASSED] - openBrowser(""): Browser is opened with url: ''

18-05-2024T18:07:31 - [MESSAGE][INFO] - Starting 'Edge Chromium' driver

18-05-2024T18:07:33 - [MESSAGE][INFO] - Action delay is set to 0 milliseconds

18-05-2024T18:07:36 - [MESSAGE][PASSED] - Browser is opened with url: ''

18-05-2024T18:07:36 - [TEST_STEP][PASSED] - closeBrowser(): Browser is closed

18-05-2024T18:07:37 - [MESSAGE][PASSED] - Browser is closed]]></system-out>
         <system-err><![CDATA[]]></system-err>
      </testcase>
      <system-out><![CDATA[18-05-2024T18:07:21 - [TEST_SUITE][PASSED] - TestSuite2: Test Cases/TestCase2]]></system-out>
      <system-err><![CDATA[]]></system-err>
   </testsuite>
</testsuites>
