<?xml version="1.0" encoding="UTF-8"?>
<testsuites name="TestSuite2" time="121.547" tests="2" failures="0" errors="0">
   <testsuite name="TestSuite2" tests="2" failures="0" errors="0" time="121.547" skipped="0" timestamp="18-05-2024T14:38:23" hostname="EC682SV - IN3514483W1.ey.net" id="Test Suites/TestSuite2">
      <properties>
         <property name="deviceName" value=""/>
         <property name="devicePlatform" value=""/>
         <property name="logFolder" value="C:\\Users\\EC682SV\\git\\KatalonTraining\\Reports\\20240518_143726\\TestSuite2\\20240518_143731"/>
         <property name="logFiles" value="C:\\Users\\EC682SV\\git\\KatalonTraining\\Reports\\20240518_143726\\TestSuite2\\20240518_143731\\execution0.log"/>
         <property name="attachments" value=""/>
         <property name="hostName" value="EC682SV - IN3514483W1.ey.net"/>
         <property name="os" value="Windows 10 64bit"/>
         <property name="katalonVersion" value="9.4.0.212"/>
         <property name="browser" value="Edge Chromium 124"/>
         <property name="hostAddress" value="192.168.1.3"/>
         <property name="sessionId" value="9e2d71af89f97ce9691cdc8cde9f11d1"/>
         <property name="seleniumVersion" value="3.141.59"/>
         <property name="proxyInformation" value="ProxyInformation { proxyOption=NO_PROXY, proxyServerType=HTTP, username=, password=********, proxyServerAddress=, proxyServerPort=0, executionList=&quot;&quot;, isApplyToDesiredCapabilities=true }"/>
         <property name="platform" value="Windows 10"/>
      </properties>
      <testcase name="Test Cases/TestCase1" time="71.137" classname="Test Cases/TestCase1" status="PASSED">
         <system-out><![CDATA[18-05-2024T14:38:24 - [TEST_CASE][PASSED] - Test Cases/TestCase1: Test Cases/TestCase1

18-05-2024T14:38:26 - [TEST_STEP][PASSED] - openBrowser(""): Browser is opened with url: ''

18-05-2024T14:38:28 - [MESSAGE][INFO] - Starting 'Edge Chromium' driver

18-05-2024T14:38:45 - [MESSAGE][INFO] - Action delay is set to 0 milliseconds

18-05-2024T14:39:04 - [MESSAGE][PASSED] - Browser is opened with url: ''

18-05-2024T14:39:04 - [TEST_STEP][PASSED] - closeBrowser(): Browser is closed

18-05-2024T14:39:35 - [MESSAGE][PASSED] - Browser is closed]]></system-out>
         <system-err><![CDATA[]]></system-err>
      </testcase>
      <testcase name="Test Cases/TestCase2" time="49.588" classname="Test Cases/TestCase2" status="PASSED">
         <system-out><![CDATA[18-05-2024T14:39:35 - [TEST_CASE][PASSED] - Test Cases/TestCase2: Test Cases/TestCase2

18-05-2024T14:39:35 - [TEST_STEP][PASSED] - openBrowser(""): Browser is opened with url: ''

18-05-2024T14:39:35 - [MESSAGE][INFO] - Starting 'Edge Chromium' driver

18-05-2024T14:39:44 - [MESSAGE][INFO] - Action delay is set to 0 milliseconds

18-05-2024T14:39:50 - [MESSAGE][PASSED] - Browser is opened with url: ''

18-05-2024T14:39:50 - [TEST_STEP][PASSED] - closeBrowser(): Browser is closed

18-05-2024T14:40:25 - [MESSAGE][PASSED] - Browser is closed]]></system-out>
         <system-err><![CDATA[]]></system-err>
      </testcase>
      <system-out><![CDATA[18-05-2024T14:38:23 - [TEST_SUITE][PASSED] - TestSuite2: Test Cases/TestCase2]]></system-out>
      <system-err><![CDATA[]]></system-err>
   </testsuite>
</testsuites>
