<?xml version="1.0" encoding="UTF-8"?>
<testsuites name="TestSuite4" time="28.227" tests="4" failures="0" errors="0">
   <testsuite name="TestSuite4" tests="4" failures="0" errors="0" time="28.227" skipped="0" timestamp="18-05-2024T18:08:16" hostname="EC682SV - IN3514483W1.ey.net" id="Test Suites/TestSuite4">
      <properties>
         <property name="deviceName" value=""/>
         <property name="devicePlatform" value=""/>
         <property name="logFolder" value="C:\\Users\\EC682SV\\git\\KatalonTraining\\Reports\\20240518_180506\\TestSuite4\\20240518_180515"/>
         <property name="logFiles" value="C:\\Users\\EC682SV\\git\\KatalonTraining\\Reports\\20240518_180506\\TestSuite4\\20240518_180515\\execution0.log"/>
         <property name="attachments" value=""/>
         <property name="hostName" value="EC682SV - IN3514483W1.ey.net"/>
         <property name="os" value="Windows 10 64bit"/>
         <property name="katalonVersion" value="9.4.0.212"/>
         <property name="browser" value="Edge Chromium 124"/>
         <property name="hostAddress" value="192.168.1.3"/>
         <property name="sessionId" value="b753428f5d87ce90d511154bb87aa850"/>
         <property name="seleniumVersion" value="3.141.59"/>
         <property name="proxyInformation" value="ProxyInformation { proxyOption=NO_PROXY, proxyServerType=HTTP, username=, password=********, proxyServerAddress=, proxyServerPort=0, executionList=&quot;&quot;, isApplyToDesiredCapabilities=true }"/>
         <property name="platform" value="Windows 10"/>
      </properties>
      <testcase name="Test Cases/TestCase1" time="9.048" classname="Test Cases/TestCase1" status="PASSED">
         <system-out><![CDATA[18-05-2024T18:08:16 - [TEST_CASE][PASSED] - Test Cases/TestCase1: Test Cases/TestCase1

18-05-2024T18:08:17 - [TEST_STEP][PASSED] - openBrowser(""): Browser is opened with url: ''

18-05-2024T18:08:17 - [MESSAGE][INFO] - Starting 'Edge Chromium' driver

18-05-2024T18:08:19 - [MESSAGE][INFO] - Action delay is set to 0 milliseconds

18-05-2024T18:08:24 - [MESSAGE][PASSED] - Browser is opened with url: ''

18-05-2024T18:08:24 - [TEST_STEP][PASSED] - closeBrowser(): Browser is closed

18-05-2024T18:08:25 - [MESSAGE][PASSED] - Browser is closed]]></system-out>
         <system-err><![CDATA[]]></system-err>
      </testcase>
      <testcase name="Test Cases/TestCase2" time="6.345" classname="Test Cases/TestCase2" status="PASSED">
         <system-out><![CDATA[18-05-2024T18:08:25 - [TEST_CASE][PASSED] - Test Cases/TestCase2: Test Cases/TestCase2

18-05-2024T18:08:25 - [TEST_STEP][PASSED] - openBrowser(""): Browser is opened with url: ''

18-05-2024T18:08:25 - [MESSAGE][INFO] - Starting 'Edge Chromium' driver

18-05-2024T18:08:27 - [MESSAGE][INFO] - Action delay is set to 0 milliseconds

18-05-2024T18:08:31 - [MESSAGE][PASSED] - Browser is opened with url: ''

18-05-2024T18:08:31 - [TEST_STEP][PASSED] - closeBrowser(): Browser is closed

18-05-2024T18:08:32 - [MESSAGE][PASSED] - Browser is closed]]></system-out>
         <system-err><![CDATA[]]></system-err>
      </testcase>
      <testcase name="Test Cases/TestCase3" time="6.188" classname="Test Cases/TestCase3" status="PASSED">
         <system-out><![CDATA[18-05-2024T18:08:32 - [TEST_CASE][PASSED] - Test Cases/TestCase3: Test Cases/TestCase3

18-05-2024T18:08:32 - [TEST_STEP][PASSED] - openBrowser(""): Browser is opened with url: ''

18-05-2024T18:08:32 - [MESSAGE][INFO] - Starting 'Edge Chromium' driver

18-05-2024T18:08:33 - [MESSAGE][INFO] - Action delay is set to 0 milliseconds

18-05-2024T18:08:37 - [MESSAGE][PASSED] - Browser is opened with url: ''

18-05-2024T18:08:37 - [TEST_STEP][PASSED] - closeBrowser(): Browser is closed

18-05-2024T18:08:38 - [MESSAGE][PASSED] - Browser is closed]]></system-out>
         <system-err><![CDATA[]]></system-err>
      </testcase>
      <testcase name="Test Cases/TestCase4" time="6.32" classname="Test Cases/TestCase4" status="PASSED">
         <system-out><![CDATA[18-05-2024T18:08:38 - [TEST_CASE][PASSED] - Test Cases/TestCase4: Test Cases/TestCase4

18-05-2024T18:08:38 - [TEST_STEP][PASSED] - openBrowser(""): Browser is opened with url: ''

18-05-2024T18:08:38 - [MESSAGE][INFO] - Starting 'Edge Chromium' driver

18-05-2024T18:08:39 - [MESSAGE][INFO] - Action delay is set to 0 milliseconds

18-05-2024T18:08:43 - [MESSAGE][PASSED] - Browser is opened with url: ''

18-05-2024T18:08:43 - [TEST_STEP][PASSED] - closeBrowser(): Browser is closed

18-05-2024T18:08:44 - [MESSAGE][PASSED] - Browser is closed]]></system-out>
         <system-err><![CDATA[]]></system-err>
      </testcase>
      <system-out><![CDATA[18-05-2024T18:08:16 - [TEST_SUITE][PASSED] - TestSuite4: Test Cases/TestCase4]]></system-out>
      <system-err><![CDATA[]]></system-err>
   </testsuite>
</testsuites>
