<?xml version="1.0" encoding="UTF-8"?>
<testsuites name="SauceDemo" time="178.029" tests="11" failures="0" errors="0">
   <testsuite name="SauceDemo" tests="11" failures="0" errors="0" time="178.029" skipped="0" timestamp="25-05-2024T21:04:12" hostname="EC682SV - IN3514483W1.ey.net" id="Test Suites/SauceDemo">
      <properties>
         <property name="deviceName" value=""/>
         <property name="devicePlatform" value=""/>
         <property name="logFolder" value="C:\\Users\\EC682SV\\git\\KatalonTraining\\Reports\\20240525_210403\\SauceDemo\\20240525_210403"/>
         <property name="logFiles" value="C:\\Users\\EC682SV\\git\\KatalonTraining\\Reports\\20240525_210403\\SauceDemo\\20240525_210403\\execution0.log"/>
         <property name="attachments" value=""/>
         <property name="hostName" value="EC682SV - IN3514483W1.ey.net"/>
         <property name="os" value="Windows 10 64bit"/>
         <property name="katalonVersion" value="9.4.0.212"/>
         <property name="browser" value="Edge Chromium 125"/>
         <property name="hostAddress" value="192.168.1.3"/>
         <property name="sessionId" value="117aa1ad06349e08faa297144b725e2a"/>
         <property name="seleniumVersion" value="3.141.59"/>
         <property name="proxyInformation" value="ProxyInformation { proxyOption=NO_PROXY, proxyServerType=HTTP, username=, password=********, proxyServerAddress=, proxyServerPort=0, executionList=&quot;&quot;, isApplyToDesiredCapabilities=true }"/>
         <property name="platform" value="Windows 10"/>
      </properties>
      <testcase name="Test Cases/verifyLoginBtn" time="21.395" classname="Test Cases/verifyLoginBtn" status="PASSED">
         <system-out><![CDATA[25-05-2024T21:04:13 - [TEST_CASE][PASSED] - Test Cases/verifyLoginBtn: Test Cases/verifyLoginBtn

25-05-2024T21:04:14 - [TEST_STEP][PASSED] - openBrowser(""): Browser is opened with url: ''

25-05-2024T21:04:15 - [MESSAGE][INFO] - Starting 'Edge Chromium' driver

25-05-2024T21:04:22 - [MESSAGE][INFO] - Action delay is set to 0 milliseconds

25-05-2024T21:04:28 - [MESSAGE][PASSED] - Browser is opened with url: ''

25-05-2024T21:04:28 - [TEST_STEP][PASSED] - navigateToUrl("https://www.saucedemo.com/v1/"): Navigate to 'https://www.saucedemo.com/v1/' successfully

25-05-2024T21:04:33 - [MESSAGE][PASSED] - Navigate to 'https://www.saucedemo.com/v1/' successfully

25-05-2024T21:04:33 - [TEST_STEP][PASSED] - verifyElementPresent(findTestObject("Object Repository/Page_Swag Labs/input_standard_userlocked_out_userproblem_u_0dff71"), 0): Object 'Object Repository/Page_Swag Labs/input_standard_userlocked_out_userproblem_u_0dff71' is present

25-05-2024T21:04:34 - [MESSAGE][WARNING] - Timeout '0' is invalid. Using default page load timeout: '30'

25-05-2024T21:04:34 - [MESSAGE][PASSED] - Object 'Object Repository/Page_Swag Labs/input_standard_userlocked_out_userproblem_u_0dff71' is present

25-05-2024T21:04:34 - [TEST_STEP][PASSED] - closeBrowser(): Browser is closed

25-05-2024T21:04:35 - [MESSAGE][PASSED] - Browser is closed]]></system-out>
         <system-err><![CDATA[]]></system-err>
      </testcase>
      <testcase name="Test Cases/verifyTitle" time="13.136" classname="Test Cases/verifyTitle" status="PASSED">
         <system-out><![CDATA[25-05-2024T21:04:35 - [TEST_CASE][PASSED] - Test Cases/verifyTitle: Test Cases/verifyTitle

25-05-2024T21:04:35 - [TEST_STEP][PASSED] - openBrowser(""): Browser is opened with url: ''

25-05-2024T21:04:35 - [MESSAGE][INFO] - Starting 'Edge Chromium' driver

25-05-2024T21:04:38 - [MESSAGE][INFO] - Action delay is set to 0 milliseconds

25-05-2024T21:04:42 - [MESSAGE][PASSED] - Browser is opened with url: ''

25-05-2024T21:04:42 - [TEST_STEP][PASSED] - navigateToUrl("http://www.saucedemo.com/v1/"): Navigate to 'http://www.saucedemo.com/v1/' successfully

25-05-2024T21:04:47 - [MESSAGE][PASSED] - Navigate to 'http://www.saucedemo.com/v1/' successfully

25-05-2024T21:04:47 - [TEST_STEP][PASSED] - title = getWindowTitle(): Current window's title is: 'Swag Labs'

25-05-2024T21:04:47 - [MESSAGE][PASSED] - Current window's title is: 'Swag Labs'

25-05-2024T21:04:47 - [TEST_STEP][PASSED] - verifyEqual(title, "Swag Labs"): Actual object 'Swag Labs' and expected object 'Swag Labs' are equal

25-05-2024T21:04:47 - [MESSAGE][PASSED] - Actual object 'Swag Labs' and expected object 'Swag Labs' are equal

25-05-2024T21:04:47 - [TEST_STEP][PASSED] - closeBrowser(): Browser is closed

25-05-2024T21:04:48 - [MESSAGE][PASSED] - Browser is closed]]></system-out>
         <system-err><![CDATA[]]></system-err>
      </testcase>
      <testcase name="Test Cases/verifyURL" time="13.64" classname="Test Cases/verifyURL" status="PASSED">
         <system-out><![CDATA[25-05-2024T21:04:48 - [TEST_CASE][PASSED] - Test Cases/verifyURL: Test Cases/verifyURL

25-05-2024T21:04:48 - [TEST_STEP][PASSED] - openBrowser(""): Browser is opened with url: ''

25-05-2024T21:04:48 - [MESSAGE][INFO] - Starting 'Edge Chromium' driver

25-05-2024T21:04:51 - [MESSAGE][INFO] - Action delay is set to 0 milliseconds

25-05-2024T21:04:55 - [MESSAGE][PASSED] - Browser is opened with url: ''

25-05-2024T21:04:55 - [TEST_STEP][PASSED] - navigateToUrl("http://www.saucedemo.com/v1/"): Navigate to 'http://www.saucedemo.com/v1/' successfully

25-05-2024T21:05:01 - [MESSAGE][PASSED] - Navigate to 'http://www.saucedemo.com/v1/' successfully

25-05-2024T21:05:01 - [TEST_STEP][PASSED] - url = getUrl(): Current window's url is: 'https://www.saucedemo.com/v1/'

25-05-2024T21:05:01 - [MESSAGE][PASSED] - Current window's url is: 'https://www.saucedemo.com/v1/'

25-05-2024T21:05:01 - [TEST_STEP][PASSED] - verifyEqual(url, "https://www.saucedemo.com/v1/"): Actual object 'https://www.saucedemo.com/v1/' and expected object 'https://www.saucedemo.com/v1/' are equal

25-05-2024T21:05:01 - [MESSAGE][PASSED] - Actual object 'https://www.saucedemo.com/v1/' and expected object 'https://www.saucedemo.com/v1/' are equal

25-05-2024T21:05:01 - [TEST_STEP][PASSED] - closeBrowser(): Browser is closed

25-05-2024T21:05:01 - [MESSAGE][PASSED] - Browser is closed]]></system-out>
         <system-err><![CDATA[]]></system-err>
      </testcase>
      <testcase name="Test Cases/verifyUsername" time="12.895" classname="Test Cases/verifyUsername" status="PASSED">
         <system-out><![CDATA[25-05-2024T21:05:01 - [TEST_CASE][PASSED] - Test Cases/verifyUsername: Test Cases/verifyUsername

25-05-2024T21:05:02 - [TEST_STEP][PASSED] - openBrowser(""): Browser is opened with url: ''

25-05-2024T21:05:02 - [MESSAGE][INFO] - Starting 'Edge Chromium' driver

25-05-2024T21:05:05 - [MESSAGE][INFO] - Action delay is set to 0 milliseconds

25-05-2024T21:05:08 - [MESSAGE][PASSED] - Browser is opened with url: ''

25-05-2024T21:05:08 - [TEST_STEP][PASSED] - navigateToUrl("https://www.saucedemo.com/v1/"): Navigate to 'https://www.saucedemo.com/v1/' successfully

25-05-2024T21:05:13 - [MESSAGE][PASSED] - Navigate to 'https://www.saucedemo.com/v1/' successfully

25-05-2024T21:05:13 - [TEST_STEP][PASSED] - verifyElementPresent(findTestObject("Object Repository/Page_Swag Labs/div_Accepted usernames are                s_40dcc1"), 0): Object 'Object Repository/Page_Swag Labs/div_Accepted usernames are                s_40dcc1' is present

25-05-2024T21:05:13 - [MESSAGE][WARNING] - Timeout '0' is invalid. Using default page load timeout: '30'

25-05-2024T21:05:14 - [MESSAGE][PASSED] - Object 'Object Repository/Page_Swag Labs/div_Accepted usernames are                s_40dcc1' is present

25-05-2024T21:05:14 - [TEST_STEP][PASSED] - closeBrowser(): Browser is closed

25-05-2024T21:05:14 - [MESSAGE][PASSED] - Browser is closed]]></system-out>
         <system-err><![CDATA[]]></system-err>
      </testcase>
      <testcase name="Test Cases/verifyPassword" time="13.252" classname="Test Cases/verifyPassword" status="PASSED">
         <system-out><![CDATA[25-05-2024T21:05:14 - [TEST_CASE][PASSED] - Test Cases/verifyPassword: Test Cases/verifyPassword

25-05-2024T21:05:14 - [TEST_STEP][PASSED] - openBrowser(""): Browser is opened with url: ''

25-05-2024T21:05:14 - [MESSAGE][INFO] - Starting 'Edge Chromium' driver

25-05-2024T21:05:18 - [MESSAGE][INFO] - Action delay is set to 0 milliseconds

25-05-2024T21:05:21 - [MESSAGE][PASSED] - Browser is opened with url: ''

25-05-2024T21:05:21 - [TEST_STEP][PASSED] - navigateToUrl("https://www.saucedemo.com/v1/"): Navigate to 'https://www.saucedemo.com/v1/' successfully

25-05-2024T21:05:26 - [MESSAGE][PASSED] - Navigate to 'https://www.saucedemo.com/v1/' successfully

25-05-2024T21:05:26 - [TEST_STEP][PASSED] - verifyElementPresent(findTestObject("Object Repository/Page_Swag Labs/div_Password for all users                s_477655"), 0): Object 'Object Repository/Page_Swag Labs/div_Password for all users                s_477655' is present

25-05-2024T21:05:26 - [MESSAGE][WARNING] - Timeout '0' is invalid. Using default page load timeout: '30'

25-05-2024T21:05:27 - [MESSAGE][PASSED] - Object 'Object Repository/Page_Swag Labs/div_Password for all users                s_477655' is present

25-05-2024T21:05:27 - [TEST_STEP][PASSED] - closeBrowser(): Browser is closed

25-05-2024T21:05:28 - [MESSAGE][PASSED] - Browser is closed]]></system-out>
         <system-err><![CDATA[]]></system-err>
      </testcase>
      <testcase name="Test Cases/VerifyLogin" time="19.335" classname="Test Cases/VerifyLogin" status="PASSED">
         <system-out><![CDATA[25-05-2024T21:05:28 - [TEST_CASE][PASSED] - Test Cases/VerifyLogin: Test Cases/VerifyLogin

25-05-2024T21:05:28 - [TEST_STEP][PASSED] - openBrowser(""): Browser is opened with url: ''

25-05-2024T21:05:28 - [MESSAGE][INFO] - Starting 'Edge Chromium' driver

25-05-2024T21:05:32 - [MESSAGE][INFO] - Action delay is set to 0 milliseconds

25-05-2024T21:05:36 - [MESSAGE][PASSED] - Browser is opened with url: ''

25-05-2024T21:05:36 - [TEST_STEP][PASSED] - navigateToUrl("https://www.saucedemo.com/v1/"): Navigate to 'https://www.saucedemo.com/v1/' successfully

25-05-2024T21:05:41 - [MESSAGE][PASSED] - Navigate to 'https://www.saucedemo.com/v1/' successfully

25-05-2024T21:05:41 - [TEST_STEP][PASSED] - setText(findTestObject("Object Repository/Page_Swag Labs/input_standard_userlocked_out_userproblem_u_db77ac"), "standard_user"): Text 'standard_user' is set on object 'Object Repository/Page_Swag Labs/input_standard_userlocked_out_userproblem_u_db77ac'

25-05-2024T21:05:42 - [MESSAGE][PASSED] - Text 'standard_user' is set on object 'Object Repository/Page_Swag Labs/input_standard_userlocked_out_userproblem_u_db77ac'

25-05-2024T21:05:42 - [TEST_STEP][PASSED] - setEncryptedText(findTestObject("Object Repository/Page_Swag Labs/input_standard_userlocked_out_userproblem_u_3423e9"), "qcu24s4901FyWDTwXGr6XA=="): Text ****** has been set on object 'Object Repository/Page_Swag Labs/input_standard_userlocked_out_userproblem_u_3423e9'

25-05-2024T21:05:43 - [MESSAGE][PASSED] - Text ****** has been set on object 'Object Repository/Page_Swag Labs/input_standard_userlocked_out_userproblem_u_3423e9'

25-05-2024T21:05:43 - [TEST_STEP][PASSED] - click(findTestObject("Object Repository/Page_Swag Labs/input_standard_userlocked_out_userproblem_u_0dff71")): Object: 'Object Repository/Page_Swag Labs/input_standard_userlocked_out_userproblem_u_0dff71' is clicked on

25-05-2024T21:05:45 - [MESSAGE][PASSED] - Object: 'Object Repository/Page_Swag Labs/input_standard_userlocked_out_userproblem_u_0dff71' is clicked on

25-05-2024T21:05:45 - [TEST_STEP][PASSED] - verifyElementText(findTestObject("Object Repository/Page_Swag Labs/div_Products"), "Products"): Actual text and expected text of test object 'Object Repository/Page_Swag Labs/div_Products' are matched.

25-05-2024T21:05:45 - [MESSAGE][PASSED] - Actual text and expected text of test object 'Object Repository/Page_Swag Labs/div_Products' are matched.

25-05-2024T21:05:45 - [TEST_STEP][PASSED] - closeBrowser(): Browser is closed

25-05-2024T21:05:47 - [MESSAGE][PASSED] - Browser is closed]]></system-out>
         <system-err><![CDATA[]]></system-err>
      </testcase>
      <testcase name="Test Cases/VerifyInvalidLogin" time="16.155" classname="Test Cases/VerifyInvalidLogin" status="PASSED">
         <system-out><![CDATA[25-05-2024T21:05:47 - [TEST_CASE][PASSED] - Test Cases/VerifyInvalidLogin: Test Cases/VerifyInvalidLogin

25-05-2024T21:05:47 - [TEST_STEP][PASSED] - openBrowser(""): Browser is opened with url: ''

25-05-2024T21:05:47 - [MESSAGE][INFO] - Starting 'Edge Chromium' driver

25-05-2024T21:05:51 - [MESSAGE][INFO] - Action delay is set to 0 milliseconds

25-05-2024T21:05:55 - [MESSAGE][PASSED] - Browser is opened with url: ''

25-05-2024T21:05:55 - [TEST_STEP][PASSED] - navigateToUrl("https://www.saucedemo.com/v1/"): Navigate to 'https://www.saucedemo.com/v1/' successfully

25-05-2024T21:06:00 - [MESSAGE][PASSED] - Navigate to 'https://www.saucedemo.com/v1/' successfully

25-05-2024T21:06:00 - [TEST_STEP][PASSED] - setText(findTestObject("Object Repository/Page_Swag Labs/input_standard_userlocked_out_userproblem_u_db77ac"), "standard_user"): Text 'standard_user' is set on object 'Object Repository/Page_Swag Labs/input_standard_userlocked_out_userproblem_u_db77ac'

25-05-2024T21:06:01 - [MESSAGE][PASSED] - Text 'standard_user' is set on object 'Object Repository/Page_Swag Labs/input_standard_userlocked_out_userproblem_u_db77ac'

25-05-2024T21:06:01 - [TEST_STEP][PASSED] - setEncryptedText(findTestObject("Object Repository/Page_Swag Labs/input_standard_userlocked_out_userproblem_u_3423e9"), "wwqXy82vnkA="): Text ****** has been set on object 'Object Repository/Page_Swag Labs/input_standard_userlocked_out_userproblem_u_3423e9'

25-05-2024T21:06:01 - [MESSAGE][PASSED] - Text ****** has been set on object 'Object Repository/Page_Swag Labs/input_standard_userlocked_out_userproblem_u_3423e9'

25-05-2024T21:06:01 - [TEST_STEP][PASSED] - click(findTestObject("Object Repository/Page_Swag Labs/input_standard_userlocked_out_userproblem_u_0dff71")): Object: 'Object Repository/Page_Swag Labs/input_standard_userlocked_out_userproblem_u_0dff71' is clicked on

25-05-2024T21:06:02 - [MESSAGE][PASSED] - Object: 'Object Repository/Page_Swag Labs/input_standard_userlocked_out_userproblem_u_0dff71' is clicked on

25-05-2024T21:06:02 - [TEST_STEP][PASSED] - verifyElementText(findTestObject("Object Repository/Page_Swag Labs/h3_Epic sadface Username and password do no_0e8909"), "Epic sadface: Username and password do not match any user in this service"): Actual text and expected text of test object 'Object Repository/Page_Swag Labs/h3_Epic sadface Username and password do no_0e8909' are matched.

25-05-2024T21:06:02 - [MESSAGE][PASSED] - Actual text and expected text of test object 'Object Repository/Page_Swag Labs/h3_Epic sadface Username and password do no_0e8909' are matched.

25-05-2024T21:06:02 - [TEST_STEP][PASSED] - closeBrowser(): Browser is closed

25-05-2024T21:06:03 - [MESSAGE][PASSED] - Browser is closed]]></system-out>
         <system-err><![CDATA[]]></system-err>
      </testcase>
      <testcase name="Test Cases/VerifyBlankPassword" time="14.572" classname="Test Cases/VerifyBlankPassword" status="PASSED">
         <system-out><![CDATA[25-05-2024T21:06:03 - [TEST_CASE][PASSED] - Test Cases/VerifyBlankPassword: Test Cases/VerifyBlankPassword

25-05-2024T21:06:03 - [TEST_STEP][PASSED] - openBrowser(""): Browser is opened with url: ''

25-05-2024T21:06:03 - [MESSAGE][INFO] - Starting 'Edge Chromium' driver

25-05-2024T21:06:06 - [MESSAGE][INFO] - Action delay is set to 0 milliseconds

25-05-2024T21:06:10 - [MESSAGE][PASSED] - Browser is opened with url: ''

25-05-2024T21:06:10 - [TEST_STEP][PASSED] - navigateToUrl("https://www.saucedemo.com/v1/"): Navigate to 'https://www.saucedemo.com/v1/' successfully

25-05-2024T21:06:15 - [MESSAGE][PASSED] - Navigate to 'https://www.saucedemo.com/v1/' successfully

25-05-2024T21:06:15 - [TEST_STEP][PASSED] - setText(findTestObject("Object Repository/Page_Swag Labs/input_standard_userlocked_out_userproblem_u_db77ac"), "standard_user"): Text 'standard_user' is set on object 'Object Repository/Page_Swag Labs/input_standard_userlocked_out_userproblem_u_db77ac'

25-05-2024T21:06:16 - [MESSAGE][PASSED] - Text 'standard_user' is set on object 'Object Repository/Page_Swag Labs/input_standard_userlocked_out_userproblem_u_db77ac'

25-05-2024T21:06:16 - [TEST_STEP][PASSED] - click(findTestObject("Object Repository/Page_Swag Labs/input_standard_userlocked_out_userproblem_u_0dff71")): Object: 'Object Repository/Page_Swag Labs/input_standard_userlocked_out_userproblem_u_0dff71' is clicked on

25-05-2024T21:06:16 - [MESSAGE][PASSED] - Object: 'Object Repository/Page_Swag Labs/input_standard_userlocked_out_userproblem_u_0dff71' is clicked on

25-05-2024T21:06:16 - [TEST_STEP][PASSED] - verifyElementText(findTestObject("Object Repository/Page_Swag Labs/h3_Epic sadface Password is required"), "Epic sadface: Password is required"): Actual text and expected text of test object 'Object Repository/Page_Swag Labs/h3_Epic sadface Password is required' are matched.

25-05-2024T21:06:17 - [MESSAGE][PASSED] - Actual text and expected text of test object 'Object Repository/Page_Swag Labs/h3_Epic sadface Password is required' are matched.

25-05-2024T21:06:17 - [TEST_STEP][PASSED] - closeBrowser(): Browser is closed

25-05-2024T21:06:18 - [MESSAGE][PASSED] - Browser is closed]]></system-out>
         <system-err><![CDATA[]]></system-err>
      </testcase>
      <testcase name="Test Cases/verifyBlankUsernamePassword" time="15.572" classname="Test Cases/verifyBlankUsernamePassword" status="PASSED">
         <system-out><![CDATA[25-05-2024T21:06:18 - [TEST_CASE][PASSED] - Test Cases/verifyBlankUsernamePassword: Test Cases/verifyBlankUsernamePassword

25-05-2024T21:06:18 - [TEST_STEP][PASSED] - openBrowser(""): Browser is opened with url: ''

25-05-2024T21:06:18 - [MESSAGE][INFO] - Starting 'Edge Chromium' driver

25-05-2024T21:06:21 - [MESSAGE][INFO] - Action delay is set to 0 milliseconds

25-05-2024T21:06:26 - [MESSAGE][PASSED] - Browser is opened with url: ''

25-05-2024T21:06:26 - [TEST_STEP][PASSED] - navigateToUrl("https://www.saucedemo.com/v1/"): Navigate to 'https://www.saucedemo.com/v1/' successfully

25-05-2024T21:06:31 - [MESSAGE][PASSED] - Navigate to 'https://www.saucedemo.com/v1/' successfully

25-05-2024T21:06:31 - [TEST_STEP][PASSED] - click(findTestObject("Object Repository/Page_Swag Labs/input_standard_userlocked_out_userproblem_u_0dff71")): Object: 'Object Repository/Page_Swag Labs/input_standard_userlocked_out_userproblem_u_0dff71' is clicked on

25-05-2024T21:06:31 - [MESSAGE][PASSED] - Object: 'Object Repository/Page_Swag Labs/input_standard_userlocked_out_userproblem_u_0dff71' is clicked on

25-05-2024T21:06:31 - [TEST_STEP][PASSED] - verifyElementText(findTestObject("Object Repository/Page_Swag Labs/h3_Epic sadface Username is required"), "Epic sadface: Username is required"): Actual text and expected text of test object 'Object Repository/Page_Swag Labs/h3_Epic sadface Username is required' are matched.

25-05-2024T21:06:32 - [MESSAGE][PASSED] - Actual text and expected text of test object 'Object Repository/Page_Swag Labs/h3_Epic sadface Username is required' are matched.

25-05-2024T21:06:32 - [TEST_STEP][PASSED] - closeBrowser(): Browser is closed

25-05-2024T21:06:33 - [MESSAGE][PASSED] - Browser is closed]]></system-out>
         <system-err><![CDATA[]]></system-err>
      </testcase>
      <testcase name="Test Cases/verifyTwitterLink" time="18.107" classname="Test Cases/verifyTwitterLink" status="PASSED">
         <system-out><![CDATA[25-05-2024T21:06:33 - [TEST_CASE][PASSED] - Test Cases/verifyTwitterLink: Test Cases/verifyTwitterLink

25-05-2024T21:06:33 - [TEST_STEP][PASSED] - openBrowser(""): Browser is opened with url: ''

25-05-2024T21:06:33 - [MESSAGE][INFO] - Starting 'Edge Chromium' driver

25-05-2024T21:06:38 - [MESSAGE][INFO] - Action delay is set to 0 milliseconds

25-05-2024T21:06:42 - [MESSAGE][PASSED] - Browser is opened with url: ''

25-05-2024T21:06:42 - [TEST_STEP][PASSED] - navigateToUrl("https://www.saucedemo.com/v1/"): Navigate to 'https://www.saucedemo.com/v1/' successfully

25-05-2024T21:06:47 - [MESSAGE][PASSED] - Navigate to 'https://www.saucedemo.com/v1/' successfully

25-05-2024T21:06:47 - [TEST_STEP][PASSED] - setText(findTestObject("Object Repository/Page_Swag Labs/input_standard_userlocked_out_userproblem_u_db77ac"), "problem_user"): Text 'problem_user' is set on object 'Object Repository/Page_Swag Labs/input_standard_userlocked_out_userproblem_u_db77ac'

25-05-2024T21:06:48 - [MESSAGE][PASSED] - Text 'problem_user' is set on object 'Object Repository/Page_Swag Labs/input_standard_userlocked_out_userproblem_u_db77ac'

25-05-2024T21:06:48 - [TEST_STEP][PASSED] - setEncryptedText(findTestObject("Object Repository/Page_Swag Labs/input_standard_userlocked_out_userproblem_u_3423e9"), "qcu24s4901FyWDTwXGr6XA=="): Text ****** has been set on object 'Object Repository/Page_Swag Labs/input_standard_userlocked_out_userproblem_u_3423e9'

25-05-2024T21:06:48 - [MESSAGE][PASSED] - Text ****** has been set on object 'Object Repository/Page_Swag Labs/input_standard_userlocked_out_userproblem_u_3423e9'

25-05-2024T21:06:48 - [TEST_STEP][PASSED] - click(findTestObject("Object Repository/Page_Swag Labs/input_standard_userlocked_out_userproblem_u_0dff71")): Object: 'Object Repository/Page_Swag Labs/input_standard_userlocked_out_userproblem_u_0dff71' is clicked on

25-05-2024T21:06:49 - [MESSAGE][PASSED] - Object: 'Object Repository/Page_Swag Labs/input_standard_userlocked_out_userproblem_u_0dff71' is clicked on

25-05-2024T21:06:49 - [TEST_STEP][PASSED] - verifyElementPresent(findTestObject("Object Repository/Page_Swag Labs/li_Twitter"), 0): Object 'Object Repository/Page_Swag Labs/li_Twitter' is present

25-05-2024T21:06:49 - [MESSAGE][WARNING] - Timeout '0' is invalid. Using default page load timeout: '30'

25-05-2024T21:06:50 - [MESSAGE][PASSED] - Object 'Object Repository/Page_Swag Labs/li_Twitter' is present

25-05-2024T21:06:50 - [TEST_STEP][PASSED] - closeBrowser(): Browser is closed

25-05-2024T21:06:51 - [MESSAGE][PASSED] - Browser is closed]]></system-out>
         <system-err><![CDATA[]]></system-err>
      </testcase>
      <testcase name="Test Cases/verifyFacebookLink" time="19.227" classname="Test Cases/verifyFacebookLink" status="PASSED">
         <system-out><![CDATA[25-05-2024T21:06:51 - [TEST_CASE][PASSED] - Test Cases/verifyFacebookLink: Test Cases/verifyFacebookLink

25-05-2024T21:06:52 - [TEST_STEP][PASSED] - openBrowser(""): Browser is opened with url: ''

25-05-2024T21:06:52 - [MESSAGE][INFO] - Starting 'Edge Chromium' driver

25-05-2024T21:06:56 - [MESSAGE][INFO] - Action delay is set to 0 milliseconds

25-05-2024T21:07:00 - [MESSAGE][PASSED] - Browser is opened with url: ''

25-05-2024T21:07:00 - [TEST_STEP][PASSED] - navigateToUrl("https://www.saucedemo.com/v1/"): Navigate to 'https://www.saucedemo.com/v1/' successfully

25-05-2024T21:07:05 - [MESSAGE][PASSED] - Navigate to 'https://www.saucedemo.com/v1/' successfully

25-05-2024T21:07:05 - [TEST_STEP][PASSED] - setText(findTestObject("Object Repository/Page_Swag Labs/input_standard_userlocked_out_userproblem_u_db77ac"), "problem_user"): Text 'problem_user' is set on object 'Object Repository/Page_Swag Labs/input_standard_userlocked_out_userproblem_u_db77ac'

25-05-2024T21:07:06 - [MESSAGE][PASSED] - Text 'problem_user' is set on object 'Object Repository/Page_Swag Labs/input_standard_userlocked_out_userproblem_u_db77ac'

25-05-2024T21:07:06 - [TEST_STEP][PASSED] - setEncryptedText(findTestObject("Object Repository/Page_Swag Labs/input_standard_userlocked_out_userproblem_u_3423e9"), "qcu24s4901FyWDTwXGr6XA=="): Text ****** has been set on object 'Object Repository/Page_Swag Labs/input_standard_userlocked_out_userproblem_u_3423e9'

25-05-2024T21:07:07 - [MESSAGE][PASSED] - Text ****** has been set on object 'Object Repository/Page_Swag Labs/input_standard_userlocked_out_userproblem_u_3423e9'

25-05-2024T21:07:07 - [TEST_STEP][PASSED] - click(findTestObject("Object Repository/Page_Swag Labs/input_standard_userlocked_out_userproblem_u_0dff71")): Object: 'Object Repository/Page_Swag Labs/input_standard_userlocked_out_userproblem_u_0dff71' is clicked on

25-05-2024T21:07:08 - [MESSAGE][PASSED] - Object: 'Object Repository/Page_Swag Labs/input_standard_userlocked_out_userproblem_u_0dff71' is clicked on

25-05-2024T21:07:08 - [TEST_STEP][PASSED] - verifyElementPresent(findTestObject("Object Repository/Page_Swag Labs/li_Facebook"), 0): Object 'Object Repository/Page_Swag Labs/li_Facebook' is present

25-05-2024T21:07:08 - [MESSAGE][WARNING] - Timeout '0' is invalid. Using default page load timeout: '30'

25-05-2024T21:07:08 - [MESSAGE][PASSED] - Object 'Object Repository/Page_Swag Labs/li_Facebook' is present

25-05-2024T21:07:08 - [TEST_STEP][PASSED] - closeBrowser(): Browser is closed

25-05-2024T21:07:11 - [MESSAGE][PASSED] - Browser is closed]]></system-out>
         <system-err><![CDATA[]]></system-err>
      </testcase>
      <system-out><![CDATA[25-05-2024T21:04:12 - [TEST_SUITE][PASSED] - SauceDemo: Test Cases/verifyFacebookLink]]></system-out>
      <system-err><![CDATA[]]></system-err>
   </testsuite>
</testsuites>
