<?xml version="1.0" encoding="UTF-8"?>
<testsuites name="TestSuite6" time="142.641" tests="6" failures="0" errors="0">
   <testsuite name="TestSuite6" tests="6" failures="0" errors="0" time="142.641" skipped="0" timestamp="18-05-2024T14:38:34" hostname="EC682SV - IN3514483W1.ey.net" id="Test Suites/TestSuite6">
      <properties>
         <property name="deviceName" value=""/>
         <property name="devicePlatform" value=""/>
         <property name="logFolder" value="C:\\Users\\EC682SV\\git\\KatalonTraining\\Reports\\20240518_143726\\TestSuite6\\20240518_143739"/>
         <property name="logFiles" value="C:\\Users\\EC682SV\\git\\KatalonTraining\\Reports\\20240518_143726\\TestSuite6\\20240518_143739\\execution0.log"/>
         <property name="attachments" value=""/>
         <property name="hostName" value="EC682SV - IN3514483W1.ey.net"/>
         <property name="os" value="Windows 10 64bit"/>
         <property name="katalonVersion" value="9.4.0.212"/>
         <property name="browser" value="Edge Chromium 124"/>
         <property name="hostAddress" value="192.168.1.3"/>
         <property name="sessionId" value="3aa7ac35bbd087feec301aaa224af5de"/>
         <property name="seleniumVersion" value="3.141.59"/>
         <property name="proxyInformation" value="ProxyInformation { proxyOption=NO_PROXY, proxyServerType=HTTP, username=, password=********, proxyServerAddress=, proxyServerPort=0, executionList=&quot;&quot;, isApplyToDesiredCapabilities=true }"/>
         <property name="platform" value="Windows 10"/>
      </properties>
      <testcase name="Test Cases/TestCase1" time="45.313" classname="Test Cases/TestCase1" status="PASSED">
         <system-out><![CDATA[18-05-2024T14:38:36 - [TEST_CASE][PASSED] - Test Cases/TestCase1: Test Cases/TestCase1

18-05-2024T14:38:38 - [TEST_STEP][PASSED] - openBrowser(""): Browser is opened with url: ''

18-05-2024T14:38:39 - [MESSAGE][INFO] - Starting 'Edge Chromium' driver

18-05-2024T14:38:52 - [MESSAGE][INFO] - Action delay is set to 0 milliseconds

18-05-2024T14:39:12 - [MESSAGE][PASSED] - Browser is opened with url: ''

18-05-2024T14:39:12 - [TEST_STEP][PASSED] - closeBrowser(): Browser is closed

18-05-2024T14:39:21 - [MESSAGE][PASSED] - Browser is closed]]></system-out>
         <system-err><![CDATA[]]></system-err>
      </testcase>
      <testcase name="Test Cases/TestCase2" time="12.075" classname="Test Cases/TestCase2" status="PASSED">
         <system-out><![CDATA[18-05-2024T14:39:21 - [TEST_CASE][PASSED] - Test Cases/TestCase2: Test Cases/TestCase2

18-05-2024T14:39:21 - [TEST_STEP][PASSED] - openBrowser(""): Browser is opened with url: ''

18-05-2024T14:39:21 - [MESSAGE][INFO] - Starting 'Edge Chromium' driver

18-05-2024T14:39:27 - [MESSAGE][INFO] - Action delay is set to 0 milliseconds

18-05-2024T14:39:31 - [MESSAGE][PASSED] - Browser is opened with url: ''

18-05-2024T14:39:31 - [TEST_STEP][PASSED] - closeBrowser(): Browser is closed

18-05-2024T14:39:33 - [MESSAGE][PASSED] - Browser is closed]]></system-out>
         <system-err><![CDATA[]]></system-err>
      </testcase>
      <testcase name="Test Cases/TestCase3" time="27.931" classname="Test Cases/TestCase3" status="PASSED">
         <system-out><![CDATA[18-05-2024T14:39:33 - [TEST_CASE][PASSED] - Test Cases/TestCase3: Test Cases/TestCase3

18-05-2024T14:39:34 - [TEST_STEP][PASSED] - openBrowser(""): Browser is opened with url: ''

18-05-2024T14:39:34 - [MESSAGE][INFO] - Starting 'Edge Chromium' driver

18-05-2024T14:39:43 - [MESSAGE][INFO] - Action delay is set to 0 milliseconds

18-05-2024T14:39:48 - [MESSAGE][PASSED] - Browser is opened with url: ''

18-05-2024T14:39:48 - [TEST_STEP][PASSED] - closeBrowser(): Browser is closed

18-05-2024T14:40:01 - [MESSAGE][PASSED] - Browser is closed]]></system-out>
         <system-err><![CDATA[]]></system-err>
      </testcase>
      <testcase name="Test Cases/TestCase4" time="21.503" classname="Test Cases/TestCase4" status="PASSED">
         <system-out><![CDATA[18-05-2024T14:40:01 - [TEST_CASE][PASSED] - Test Cases/TestCase4: Test Cases/TestCase4

18-05-2024T14:40:01 - [TEST_STEP][PASSED] - openBrowser(""): Browser is opened with url: ''

18-05-2024T14:40:01 - [MESSAGE][INFO] - Starting 'Edge Chromium' driver

18-05-2024T14:40:05 - [MESSAGE][INFO] - Action delay is set to 0 milliseconds

18-05-2024T14:40:08 - [MESSAGE][PASSED] - Browser is opened with url: ''

18-05-2024T14:40:08 - [TEST_STEP][PASSED] - closeBrowser(): Browser is closed

18-05-2024T14:40:23 - [MESSAGE][PASSED] - Browser is closed]]></system-out>
         <system-err><![CDATA[]]></system-err>
      </testcase>
      <testcase name="Test Cases/TestCase5" time="15.593" classname="Test Cases/TestCase5" status="PASSED">
         <system-out><![CDATA[18-05-2024T14:40:23 - [TEST_CASE][PASSED] - Test Cases/TestCase5: Test Cases/TestCase5

18-05-2024T14:40:23 - [TEST_STEP][PASSED] - openBrowser(""): Browser is opened with url: ''

18-05-2024T14:40:23 - [MESSAGE][INFO] - Starting 'Edge Chromium' driver

18-05-2024T14:40:28 - [MESSAGE][INFO] - Action delay is set to 0 milliseconds

18-05-2024T14:40:35 - [MESSAGE][PASSED] - Browser is opened with url: ''

18-05-2024T14:40:35 - [TEST_STEP][PASSED] - closeBrowser(): Browser is closed

18-05-2024T14:40:39 - [MESSAGE][PASSED] - Browser is closed]]></system-out>
         <system-err><![CDATA[]]></system-err>
      </testcase>
      <testcase name="Test Cases/TestCase6" time="18.476" classname="Test Cases/TestCase6" status="PASSED">
         <system-out><![CDATA[18-05-2024T14:40:39 - [TEST_CASE][PASSED] - Test Cases/TestCase6: Test Cases/TestCase6

18-05-2024T14:40:39 - [TEST_STEP][PASSED] - openBrowser(""): Browser is opened with url: ''

18-05-2024T14:40:39 - [MESSAGE][INFO] - Starting 'Edge Chromium' driver

18-05-2024T14:40:43 - [MESSAGE][INFO] - Action delay is set to 0 milliseconds

18-05-2024T14:40:53 - [MESSAGE][PASSED] - Browser is opened with url: ''

18-05-2024T14:40:53 - [TEST_STEP][PASSED] - closeBrowser(): Browser is closed

18-05-2024T14:40:57 - [MESSAGE][PASSED] - Browser is closed]]></system-out>
         <system-err><![CDATA[]]></system-err>
      </testcase>
      <system-out><![CDATA[18-05-2024T14:38:34 - [TEST_SUITE][PASSED] - TestSuite6: Test Cases/TestCase6]]></system-out>
      <system-err><![CDATA[]]></system-err>
   </testsuite>
</testsuites>
