<?xml version="1.0" encoding="UTF-8"?>
<testsuites name="TestSuite9" time="63.113" tests="9" failures="0" errors="0">
   <testsuite name="TestSuite9" tests="9" failures="0" errors="0" time="63.113" skipped="0" timestamp="18-05-2024T18:12:29" hostname="EC682SV - IN3514483W1.ey.net" id="Test Suites/TestSuite9">
      <properties>
         <property name="deviceName" value=""/>
         <property name="devicePlatform" value=""/>
         <property name="logFolder" value="C:\\Users\\EC682SV\\git\\KatalonTraining\\Reports\\20240518_180506\\TestSuite9\\20240518_180525"/>
         <property name="logFiles" value="C:\\Users\\EC682SV\\git\\KatalonTraining\\Reports\\20240518_180506\\TestSuite9\\20240518_180525\\execution0.log"/>
         <property name="attachments" value=""/>
         <property name="hostName" value="EC682SV - IN3514483W1.ey.net"/>
         <property name="os" value="Windows 10 64bit"/>
         <property name="katalonVersion" value="9.4.0.212"/>
         <property name="browser" value="Edge Chromium 124"/>
         <property name="hostAddress" value="192.168.1.3"/>
         <property name="sessionId" value="c33ba1619960f10e63ea5143d375c8eb"/>
         <property name="seleniumVersion" value="3.141.59"/>
         <property name="proxyInformation" value="ProxyInformation { proxyOption=NO_PROXY, proxyServerType=HTTP, username=, password=********, proxyServerAddress=, proxyServerPort=0, executionList=&quot;&quot;, isApplyToDesiredCapabilities=true }"/>
         <property name="platform" value="Windows 10"/>
      </properties>
      <testcase name="Test Cases/TestCase1" time="9.364" classname="Test Cases/TestCase1" status="PASSED">
         <system-out><![CDATA[18-05-2024T18:12:30 - [TEST_CASE][PASSED] - Test Cases/TestCase1: Test Cases/TestCase1

18-05-2024T18:12:30 - [TEST_STEP][PASSED] - openBrowser(""): Browser is opened with url: ''

18-05-2024T18:12:31 - [MESSAGE][INFO] - Starting 'Edge Chromium' driver

18-05-2024T18:12:33 - [MESSAGE][INFO] - Action delay is set to 0 milliseconds

18-05-2024T18:12:38 - [MESSAGE][PASSED] - Browser is opened with url: ''

18-05-2024T18:12:38 - [TEST_STEP][PASSED] - closeBrowser(): Browser is closed

18-05-2024T18:12:39 - [MESSAGE][PASSED] - Browser is closed]]></system-out>
         <system-err><![CDATA[]]></system-err>
      </testcase>
      <testcase name="Test Cases/TestCase2" time="6.364" classname="Test Cases/TestCase2" status="PASSED">
         <system-out><![CDATA[18-05-2024T18:12:39 - [TEST_CASE][PASSED] - Test Cases/TestCase2: Test Cases/TestCase2

18-05-2024T18:12:39 - [TEST_STEP][PASSED] - openBrowser(""): Browser is opened with url: ''

18-05-2024T18:12:39 - [MESSAGE][INFO] - Starting 'Edge Chromium' driver

18-05-2024T18:12:41 - [MESSAGE][INFO] - Action delay is set to 0 milliseconds

18-05-2024T18:12:44 - [MESSAGE][PASSED] - Browser is opened with url: ''

18-05-2024T18:12:44 - [TEST_STEP][PASSED] - closeBrowser(): Browser is closed

18-05-2024T18:12:46 - [MESSAGE][PASSED] - Browser is closed]]></system-out>
         <system-err><![CDATA[]]></system-err>
      </testcase>
      <testcase name="Test Cases/TestCase3" time="6.976" classname="Test Cases/TestCase3" status="PASSED">
         <system-out><![CDATA[18-05-2024T18:12:46 - [TEST_CASE][PASSED] - Test Cases/TestCase3: Test Cases/TestCase3

18-05-2024T18:12:46 - [TEST_STEP][PASSED] - openBrowser(""): Browser is opened with url: ''

18-05-2024T18:12:46 - [MESSAGE][INFO] - Starting 'Edge Chromium' driver

18-05-2024T18:12:47 - [MESSAGE][INFO] - Action delay is set to 0 milliseconds

18-05-2024T18:12:51 - [MESSAGE][PASSED] - Browser is opened with url: ''

18-05-2024T18:12:51 - [TEST_STEP][PASSED] - closeBrowser(): Browser is closed

18-05-2024T18:12:53 - [MESSAGE][PASSED] - Browser is closed]]></system-out>
         <system-err><![CDATA[]]></system-err>
      </testcase>
      <testcase name="Test Cases/TestCase4" time="6.729" classname="Test Cases/TestCase4" status="PASSED">
         <system-out><![CDATA[18-05-2024T18:12:53 - [TEST_CASE][PASSED] - Test Cases/TestCase4: Test Cases/TestCase4

18-05-2024T18:12:53 - [TEST_STEP][PASSED] - openBrowser(""): Browser is opened with url: ''

18-05-2024T18:12:53 - [MESSAGE][INFO] - Starting 'Edge Chromium' driver

18-05-2024T18:12:54 - [MESSAGE][INFO] - Action delay is set to 0 milliseconds

18-05-2024T18:12:58 - [MESSAGE][PASSED] - Browser is opened with url: ''

18-05-2024T18:12:58 - [TEST_STEP][PASSED] - closeBrowser(): Browser is closed

18-05-2024T18:12:59 - [MESSAGE][PASSED] - Browser is closed]]></system-out>
         <system-err><![CDATA[]]></system-err>
      </testcase>
      <testcase name="Test Cases/TestCase5" time="6.482" classname="Test Cases/TestCase5" status="PASSED">
         <system-out><![CDATA[18-05-2024T18:12:59 - [TEST_CASE][PASSED] - Test Cases/TestCase5: Test Cases/TestCase5

18-05-2024T18:12:59 - [TEST_STEP][PASSED] - openBrowser(""): Browser is opened with url: ''

18-05-2024T18:12:59 - [MESSAGE][INFO] - Starting 'Edge Chromium' driver

18-05-2024T18:13:01 - [MESSAGE][INFO] - Action delay is set to 0 milliseconds

18-05-2024T18:13:05 - [MESSAGE][PASSED] - Browser is opened with url: ''

18-05-2024T18:13:05 - [TEST_STEP][PASSED] - closeBrowser(): Browser is closed

18-05-2024T18:13:06 - [MESSAGE][PASSED] - Browser is closed]]></system-out>
         <system-err><![CDATA[]]></system-err>
      </testcase>
      <testcase name="Test Cases/TestCase6" time="6.922" classname="Test Cases/TestCase6" status="PASSED">
         <system-out><![CDATA[18-05-2024T18:13:06 - [TEST_CASE][PASSED] - Test Cases/TestCase6: Test Cases/TestCase6

18-05-2024T18:13:06 - [TEST_STEP][PASSED] - openBrowser(""): Browser is opened with url: ''

18-05-2024T18:13:06 - [MESSAGE][INFO] - Starting 'Edge Chromium' driver

18-05-2024T18:13:08 - [MESSAGE][INFO] - Action delay is set to 0 milliseconds

18-05-2024T18:13:11 - [MESSAGE][PASSED] - Browser is opened with url: ''

18-05-2024T18:13:11 - [TEST_STEP][PASSED] - closeBrowser(): Browser is closed

18-05-2024T18:13:13 - [MESSAGE][PASSED] - Browser is closed]]></system-out>
         <system-err><![CDATA[]]></system-err>
      </testcase>
      <testcase name="Test Cases/TestCase7" time="6.835" classname="Test Cases/TestCase7" status="PASSED">
         <system-out><![CDATA[18-05-2024T18:13:13 - [TEST_CASE][PASSED] - Test Cases/TestCase7: Test Cases/TestCase7

18-05-2024T18:13:13 - [TEST_STEP][PASSED] - openBrowser(""): Browser is opened with url: ''

18-05-2024T18:13:13 - [MESSAGE][INFO] - Starting 'Edge Chromium' driver

18-05-2024T18:13:14 - [MESSAGE][INFO] - Action delay is set to 0 milliseconds

18-05-2024T18:13:18 - [MESSAGE][PASSED] - Browser is opened with url: ''

18-05-2024T18:13:18 - [TEST_STEP][PASSED] - closeBrowser(): Browser is closed

18-05-2024T18:13:20 - [MESSAGE][PASSED] - Browser is closed]]></system-out>
         <system-err><![CDATA[]]></system-err>
      </testcase>
      <testcase name="Test Cases/TestCase8" time="6.629" classname="Test Cases/TestCase8" status="PASSED">
         <system-out><![CDATA[18-05-2024T18:13:20 - [TEST_CASE][PASSED] - Test Cases/TestCase8: Test Cases/TestCase8

18-05-2024T18:13:20 - [TEST_STEP][PASSED] - openBrowser(""): Browser is opened with url: ''

18-05-2024T18:13:20 - [MESSAGE][INFO] - Starting 'Edge Chromium' driver

18-05-2024T18:13:21 - [MESSAGE][INFO] - Action delay is set to 0 milliseconds

18-05-2024T18:13:25 - [MESSAGE][PASSED] - Browser is opened with url: ''

18-05-2024T18:13:25 - [TEST_STEP][PASSED] - closeBrowser(): Browser is closed

18-05-2024T18:13:26 - [MESSAGE][PASSED] - Browser is closed]]></system-out>
         <system-err><![CDATA[]]></system-err>
      </testcase>
      <testcase name="Test Cases/TestCase9" time="6.435" classname="Test Cases/TestCase9" status="PASSED">
         <system-out><![CDATA[18-05-2024T18:13:26 - [TEST_CASE][PASSED] - Test Cases/TestCase9: Test Cases/TestCase9

18-05-2024T18:13:26 - [TEST_STEP][PASSED] - openBrowser(""): Browser is opened with url: ''

18-05-2024T18:13:26 - [MESSAGE][INFO] - Starting 'Edge Chromium' driver

18-05-2024T18:13:28 - [MESSAGE][INFO] - Action delay is set to 0 milliseconds

18-05-2024T18:13:31 - [MESSAGE][PASSED] - Browser is opened with url: ''

18-05-2024T18:13:31 - [TEST_STEP][PASSED] - closeBrowser(): Browser is closed

18-05-2024T18:13:33 - [MESSAGE][PASSED] - Browser is closed]]></system-out>
         <system-err><![CDATA[]]></system-err>
      </testcase>
      <system-out><![CDATA[18-05-2024T18:12:29 - [TEST_SUITE][PASSED] - TestSuite9: Test Cases/TestCase9]]></system-out>
      <system-err><![CDATA[]]></system-err>
   </testsuite>
</testsuites>
