<?xml version="1.0" encoding="UTF-8"?>
<testsuites name="TestSuite1" time="20.228" tests="1" failures="0" errors="0">
   <testsuite name="TestSuite1" tests="1" failures="0" errors="0" time="20.228" skipped="0" timestamp="26-05-2024T11:04:59" hostname="EC682SV - IN3514483W1.ey.net" id="Test Suites/TestSuite1">
      <properties>
         <property name="deviceName" value=""/>
         <property name="devicePlatform" value=""/>
         <property name="logFolder" value="C:\\Users\\EC682SV\\git\\KatalonTraining\\Reports\\20240526_110436\\TestSuite1\\20240526_110436"/>
         <property name="logFiles" value="C:\\Users\\EC682SV\\git\\KatalonTraining\\Reports\\20240526_110436\\TestSuite1\\20240526_110436\\execution0.log"/>
         <property name="attachments" value="keyes\keyes-loginPage.png"/>
         <property name="hostName" value="EC682SV - IN3514483W1.ey.net"/>
         <property name="os" value="Windows 10 64bit"/>
         <property name="katalonVersion" value="9.4.0.212"/>
         <property name="browser" value="Chrome 125.0.0.0"/>
         <property name="hostAddress" value="192.168.1.3"/>
         <property name="sessionId" value="72dee6c5152b548fa5d1c45592d69bc2"/>
         <property name="seleniumVersion" value="3.141.59"/>
         <property name="proxyInformation" value="ProxyInformation { proxyOption=NO_PROXY, proxyServerType=HTTP, username=, password=********, proxyServerAddress=, proxyServerPort=0, executionList=&quot;&quot;, isApplyToDesiredCapabilities=true }"/>
         <property name="platform" value="Windows 10"/>
      </properties>
      <testcase name="Test Cases/verifyCheckpoint" time="19.537" classname="Test Cases/verifyCheckpoint" status="PASSED">
         <system-out><![CDATA[26-05-2024T11:05:00 - [TEST_CASE][PASSED] - Test Cases/verifyCheckpoint: Test Cases/verifyCheckpoint

26-05-2024T11:05:01 - [TEST_STEP][PASSED] - openBrowser(""): Browser is opened with url: ''

26-05-2024T11:05:02 - [MESSAGE][INFO] - Starting 'Chrome' driver

26-05-2024T11:05:03 - [MESSAGE][INFO] - Action delay is set to 0 milliseconds

26-05-2024T11:05:14 - [MESSAGE][PASSED] - Browser is opened with url: ''

26-05-2024T11:05:14 - [TEST_STEP][PASSED] - navigateToUrl("https://www.saucedemo.com/v1/"): Navigate to 'https://www.saucedemo.com/v1/' successfully

26-05-2024T11:05:16 - [MESSAGE][PASSED] - Navigate to 'https://www.saucedemo.com/v1/' successfully

26-05-2024T11:05:16 - [TEST_STEP][PASSED] - takeScreenshotAsCheckpoint("loginPage"): Taking screenshot successfully

26-05-2024T11:05:17 - [MESSAGE][INFO] - 0 hidden object(s)

26-05-2024T11:05:18 - [MESSAGE][PASSED] - Taking screenshot successfully
[[ATTACHMENT|keyes\keyes-loginPage.png]]

26-05-2024T11:05:18 - [TEST_STEP][PASSED] - closeBrowser(): Browser is closed

26-05-2024T11:05:19 - [MESSAGE][PASSED] - Browser is closed]]></system-out>
         <system-err><![CDATA[]]></system-err>
      </testcase>
      <system-out><![CDATA[26-05-2024T11:04:59 - [TEST_SUITE][PASSED] - TestSuite1: Test Cases/verifyCheckpoint]]></system-out>
      <system-err><![CDATA[]]></system-err>
   </testsuite>
</testsuites>
